[ 2017-05-07T20:46:54+08:00 ] ::1 /li/js/jquery-1.8.2.min.js
INFO: [ app_init ] --START--
INFO: Run Behavior\BuildLiteBehavior [ RunTime:0.000350s ]
INFO: [ app_init ] --END-- [ RunTime:0.000768s ]
ERR: æ— æ³•åŠ è½½æ¨¡å—:Js

[ 2017-05-07T20:47:47+08:00 ] ::1 /li/js/jquery-1.8.2.min.js
INFO: [ app_init ] --START--
INFO: Run Behavior\BuildLiteBehavior [ RunTime:0.000033s ]
INFO: [ app_init ] --END-- [ RunTime:0.000185s ]
ERR: æ— æ³•åŠ è½½æ¨¡å—:Js

[ 2017-05-07T20:48:31+08:00 ] ::1 /li/js/jquery-1.8.2.min.js
INFO: [ app_init ] --START--
INFO: Run Behavior\BuildLiteBehavior [ RunTime:0.000041s ]
INFO: [ app_init ] --END-- [ RunTime:0.000243s ]
ERR: æ— æ³•åŠ è½½æ¨¡å—:Js

[ 2017-05-07T20:48:32+08:00 ] ::1 /li/js/jquery-1.8.2.min.js
INFO: [ app_init ] --START--
INFO: Run Behavior\BuildLiteBehavior [ RunTime:0.000035s ]
INFO: [ app_init ] --END-- [ RunTime:0.000185s ]
ERR: æ— æ³•åŠ è½½æ¨¡å—:Js

[ 2017-05-07T20:51:34+08:00 ] ::1 /li/js/jquery-1.8.2.min.js
INFO: [ app_init ] --START--
INFO: Run Behavior\BuildLiteBehavior [ RunTime:0.000035s ]
INFO: [ app_init ] --END-- [ RunTime:0.000193s ]
ERR: æ— æ³•åŠ è½½æ¨¡å—:Js

[ 2017-05-07T20:51:35+08:00 ] ::1 /li/js/jquery-1.8.2.min.js
INFO: [ app_init ] --START--
INFO: Run Behavior\BuildLiteBehavior [ RunTime:0.000023s ]
INFO: [ app_init ] --END-- [ RunTime:0.000120s ]
ERR: æ— æ³•åŠ è½½æ¨¡å—:Js

[ 2017-05-07T20:51:35+08:00 ] ::1 /li/js/jquery-1.8.2.min.js
INFO: [ app_init ] --START--
INFO: Run Behavior\BuildLiteBehavior [ RunTime:0.000035s ]
INFO: [ app_init ] --END-- [ RunTime:0.000204s ]
ERR: æ— æ³•åŠ è½½æ¨¡å—:Js

[ 2017-05-07T20:51:35+08:00 ] ::1 /li/js/jquery-1.8.2.min.js
INFO: [ app_init ] --START--
INFO: Run Behavior\BuildLiteBehavior [ RunTime:0.000030s ]
INFO: [ app_init ] --END-- [ RunTime:0.000175s ]
ERR: æ— æ³•åŠ è½½æ¨¡å—:Js

[ 2017-05-07T20:51:36+08:00 ] ::1 /li/js/jquery-1.8.2.min.js
INFO: [ app_init ] --START--
INFO: Run Behavior\BuildLiteBehavior [ RunTime:0.000024s ]
INFO: [ app_init ] --END-- [ RunTime:0.000140s ]
ERR: æ— æ³•åŠ è½½æ¨¡å—:Js

[ 2017-05-07T20:51:43+08:00 ] ::1 /li/js/jquery-1.8.2.min.js
INFO: [ app_init ] --START--
INFO: Run Behavior\BuildLiteBehavior [ RunTime:0.000033s ]
INFO: [ app_init ] --END-- [ RunTime:0.000186s ]
ERR: æ— æ³•åŠ è½½æ¨¡å—:Js

[ 2017-05-07T20:52:24+08:00 ] ::1 /li/js/jquery-1.8.2.min.js
INFO: [ app_init ] --START--
INFO: Run Behavior\BuildLiteBehavior [ RunTime:0.000034s ]
INFO: [ app_init ] --END-- [ RunTime:0.000188s ]
ERR: æ— æ³•åŠ è½½æ¨¡å—:Js

[ 2017-05-07T20:52:24+08:00 ] ::1 /li/js/jquery-1.8.2.min.js
INFO: [ app_init ] --START--
INFO: Run Behavior\BuildLiteBehavior [ RunTime:0.000021s ]
INFO: [ app_init ] --END-- [ RunTime:0.000129s ]
ERR: æ— æ³•åŠ è½½æ¨¡å—:Js

[ 2017-05-07T20:52:24+08:00 ] ::1 /li/js/jquery-1.8.2.min.js
INFO: [ app_init ] --START--
INFO: Run Behavior\BuildLiteBehavior [ RunTime:0.000036s ]
INFO: [ app_init ] --END-- [ RunTime:0.000280s ]
ERR: æ— æ³•åŠ è½½æ¨¡å—:Js

[ 2017-05-07T20:52:25+08:00 ] ::1 /li/js/jquery-1.8.2.min.js
INFO: [ app_init ] --START--
INFO: Run Behavior\BuildLiteBehavior [ RunTime:0.000035s ]
INFO: [ app_init ] --END-- [ RunTime:0.000192s ]
ERR: æ— æ³•åŠ è½½æ¨¡å—:Js

[ 2017-05-07T20:52:26+08:00 ] ::1 /li/js/jquery-1.8.2.min.js
INFO: [ app_init ] --START--
INFO: Run Behavior\BuildLiteBehavior [ RunTime:0.000021s ]
INFO: [ app_init ] --END-- [ RunTime:0.000116s ]
ERR: æ— æ³•åŠ è½½æ¨¡å—:Js

[ 2017-05-07T20:53:07+08:00 ] ::1 /li/js/jquery-1.8.2.min.js
INFO: [ app_init ] --START--
INFO: Run Behavior\BuildLiteBehavior [ RunTime:0.000034s ]
INFO: [ app_init ] --END-- [ RunTime:0.000185s ]
ERR: æ— æ³•åŠ è½½æ¨¡å—:Js

[ 2017-05-07T20:53:35+08:00 ] ::1 /li/js/jquery-1.8.2.min.js
INFO: [ app_init ] --START--
INFO: Run Behavior\BuildLiteBehavior [ RunTime:0.000033s ]
INFO: [ app_init ] --END-- [ RunTime:0.000179s ]
ERR: æ— æ³•åŠ è½½æ¨¡å—:Js

[ 2017-05-07T20:54:13+08:00 ] ::1 /li/js/jquery-1.8.2.min.js
INFO: [ app_init ] --START--
INFO: Run Behavior\BuildLiteBehavior [ RunTime:0.000028s ]
INFO: [ app_init ] --END-- [ RunTime:0.000214s ]
ERR: æ— æ³•åŠ è½½æ¨¡å—:Js

[ 2017-05-07T20:54:14+08:00 ] ::1 /li/js/jquery-1.8.2.min.js
INFO: [ app_init ] --START--
INFO: Run Behavior\BuildLiteBehavior [ RunTime:0.000022s ]
INFO: [ app_init ] --END-- [ RunTime:0.000116s ]
ERR: æ— æ³•åŠ è½½æ¨¡å—:Js

[ 2017-05-07T20:54:14+08:00 ] ::1 /li/js/jquery-1.8.2.min.js
INFO: [ app_init ] --START--
INFO: Run Behavior\BuildLiteBehavior [ RunTime:0.000040s ]
INFO: [ app_init ] --END-- [ RunTime:0.000206s ]
ERR: æ— æ³•åŠ è½½æ¨¡å—:Js

[ 2017-05-07T20:54:14+08:00 ] ::1 /li/js/jquery-1.8.2.min.js
INFO: [ app_init ] --START--
INFO: Run Behavior\BuildLiteBehavior [ RunTime:0.000021s ]
INFO: [ app_init ] --END-- [ RunTime:0.000128s ]
ERR: æ— æ³•åŠ è½½æ¨¡å—:Js

[ 2017-05-07T20:54:15+08:00 ] ::1 /li/js/jquery-1.8.2.min.js
INFO: [ app_init ] --START--
INFO: Run Behavior\BuildLiteBehavior [ RunTime:0.000022s ]
INFO: [ app_init ] --END-- [ RunTime:0.000118s ]
ERR: æ— æ³•åŠ è½½æ¨¡å—:Js

[ 2017-05-07T20:54:15+08:00 ] ::1 /li/js/jquery-1.8.2.min.js
INFO: [ app_init ] --START--
INFO: Run Behavior\BuildLiteBehavior [ RunTime:0.000023s ]
INFO: [ app_init ] --END-- [ RunTime:0.000140s ]
ERR: æ— æ³•åŠ è½½æ¨¡å—:Js

[ 2017-05-07T20:54:51+08:00 ] ::1 /li/js/jquery-1.8.2.min.js
INFO: [ app_init ] --START--
INFO: Run Behavior\BuildLiteBehavior [ RunTime:0.000034s ]
INFO: [ app_init ] --END-- [ RunTime:0.000183s ]
ERR: æ— æ³•åŠ è½½æ¨¡å—:Js

[ 2017-05-07T20:54:51+08:00 ] ::1 /li/js/jquery-1.8.2.min.js
INFO: [ app_init ] --START--
INFO: Run Behavior\BuildLiteBehavior [ RunTime:0.000031s ]
INFO: [ app_init ] --END-- [ RunTime:0.000171s ]
ERR: æ— æ³•åŠ è½½æ¨¡å—:Js

[ 2017-05-07T20:54:53+08:00 ] ::1 /li/js/jquery-1.8.2.min.js
INFO: [ app_init ] --START--
INFO: Run Behavior\BuildLiteBehavior [ RunTime:0.000022s ]
INFO: [ app_init ] --END-- [ RunTime:0.000117s ]
ERR: æ— æ³•åŠ è½½æ¨¡å—:Js

[ 2017-05-07T20:55:06+08:00 ] ::1 /li/js/jquery-1.8.2.min.js
INFO: [ app_init ] --START--
INFO: Run Behavior\BuildLiteBehavior [ RunTime:0.000039s ]
INFO: [ app_init ] --END-- [ RunTime:0.000347s ]
ERR: æ— æ³•åŠ è½½æ¨¡å—:Js

[ 2017-05-07T20:56:42+08:00 ] ::1 /li/js/jquery-1.8.2.min.js
INFO: [ app_init ] --START--
INFO: Run Behavior\BuildLiteBehavior [ RunTime:0.000068s ]
INFO: [ app_init ] --END-- [ RunTime:0.000224s ]
ERR: æ— æ³•åŠ è½½æ¨¡å—:Js

[ 2017-05-07T20:56:42+08:00 ] ::1 /li/js/jquery-1.8.2.min.js
INFO: [ app_init ] --START--
INFO: Run Behavior\BuildLiteBehavior [ RunTime:0.000023s ]
INFO: [ app_init ] --END-- [ RunTime:0.000125s ]
ERR: æ— æ³•åŠ è½½æ¨¡å—:Js

[ 2017-05-07T20:56:42+08:00 ] ::1 /li/js/jquery-1.8.2.min.js
INFO: [ app_init ] --START--
INFO: Run Behavior\BuildLiteBehavior [ RunTime:0.000022s ]
INFO: [ app_init ] --END-- [ RunTime:0.000116s ]
ERR: æ— æ³•åŠ è½½æ¨¡å—:Js

[ 2017-05-07T20:56:43+08:00 ] ::1 /li/js/jquery-1.8.2.min.js
INFO: [ app_init ] --START--
INFO: Run Behavior\BuildLiteBehavior [ RunTime:0.000028s ]
INFO: [ app_init ] --END-- [ RunTime:0.000141s ]
ERR: æ— æ³•åŠ è½½æ¨¡å—:Js

[ 2017-05-07T20:56:43+08:00 ] ::1 /li/js/jquery-1.8.2.min.js
INFO: [ app_init ] --START--
INFO: Run Behavior\BuildLiteBehavior [ RunTime:0.000034s ]
INFO: [ app_init ] --END-- [ RunTime:0.000192s ]
ERR: æ— æ³•åŠ è½½æ¨¡å—:Js

[ 2017-05-07T20:56:48+08:00 ] ::1 /li/js/jquery-1.8.2.min.js
INFO: [ app_init ] --START--
INFO: Run Behavior\BuildLiteBehavior [ RunTime:0.000021s ]
INFO: [ app_init ] --END-- [ RunTime:0.000114s ]
ERR: æ— æ³•åŠ è½½æ¨¡å—:Js

[ 2017-05-07T20:56:48+08:00 ] ::1 /li/js/jquery-1.8.2.min.js
INFO: [ app_init ] --START--
INFO: Run Behavior\BuildLiteBehavior [ RunTime:0.000033s ]
INFO: [ app_init ] --END-- [ RunTime:0.000180s ]
ERR: æ— æ³•åŠ è½½æ¨¡å—:Js

[ 2017-05-07T20:56:49+08:00 ] ::1 /li/js/jquery-1.8.2.min.js
INFO: [ app_init ] --START--
INFO: Run Behavior\BuildLiteBehavior [ RunTime:0.000036s ]
INFO: [ app_init ] --END-- [ RunTime:0.000194s ]
ERR: æ— æ³•åŠ è½½æ¨¡å—:Js

[ 2017-05-07T20:56:49+08:00 ] ::1 /li/js/jquery-1.8.2.min.js
INFO: [ app_init ] --START--
INFO: Run Behavior\BuildLiteBehavior [ RunTime:0.000021s ]
INFO: [ app_init ] --END-- [ RunTime:0.000112s ]
ERR: æ— æ³•åŠ è½½æ¨¡å—:Js

[ 2017-05-07T20:56:49+08:00 ] ::1 /li/js/jquery-1.8.2.min.js
INFO: [ app_init ] --START--
INFO: Run Behavior\BuildLiteBehavior [ RunTime:0.000033s ]
INFO: [ app_init ] --END-- [ RunTime:0.000227s ]
ERR: æ— æ³•åŠ è½½æ¨¡å—:Js

[ 2017-05-07T20:56:50+08:00 ] ::1 /li/js/jquery-1.8.2.min.js
INFO: [ app_init ] --START--
INFO: Run Behavior\BuildLiteBehavior [ RunTime:0.000021s ]
INFO: [ app_init ] --END-- [ RunTime:0.000116s ]
ERR: æ— æ³•åŠ è½½æ¨¡å—:Js

[ 2017-05-07T20:56:50+08:00 ] ::1 /li/js/jquery-1.8.2.min.js
INFO: [ app_init ] --START--
INFO: Run Behavior\BuildLiteBehavior [ RunTime:0.000022s ]
INFO: [ app_init ] --END-- [ RunTime:0.000119s ]
ERR: æ— æ³•åŠ è½½æ¨¡å—:Js

[ 2017-05-07T20:56:50+08:00 ] ::1 /li/js/jquery-1.8.2.min.js
INFO: [ app_init ] --START--
INFO: Run Behavior\BuildLiteBehavior [ RunTime:0.000021s ]
INFO: [ app_init ] --END-- [ RunTime:0.000113s ]
ERR: æ— æ³•åŠ è½½æ¨¡å—:Js

[ 2017-05-07T20:56:50+08:00 ] ::1 /li/js/jquery-1.8.2.min.js
INFO: [ app_init ] --START--
INFO: Run Behavior\BuildLiteBehavior [ RunTime:0.000026s ]
INFO: [ app_init ] --END-- [ RunTime:0.000147s ]
ERR: æ— æ³•åŠ è½½æ¨¡å—:Js

[ 2017-05-07T20:56:50+08:00 ] ::1 /li/js/jquery-1.8.2.min.js
INFO: [ app_init ] --START--
INFO: Run Behavior\BuildLiteBehavior [ RunTime:0.000297s ]
INFO: [ app_init ] --END-- [ RunTime:0.000443s ]
ERR: æ— æ³•åŠ è½½æ¨¡å—:Js

[ 2017-05-07T20:56:51+08:00 ] ::1 /li/js/jquery-1.8.2.min.js
INFO: [ app_init ] --START--
INFO: Run Behavior\BuildLiteBehavior [ RunTime:0.000020s ]
INFO: [ app_init ] --END-- [ RunTime:0.000108s ]
ERR: æ— æ³•åŠ è½½æ¨¡å—:Js

[ 2017-05-07T20:56:51+08:00 ] ::1 /li/js/jquery-1.8.2.min.js
INFO: [ app_init ] --START--
INFO: Run Behavior\BuildLiteBehavior [ RunTime:0.000021s ]
INFO: [ app_init ] --END-- [ RunTime:0.000114s ]
ERR: æ— æ³•åŠ è½½æ¨¡å—:Js

[ 2017-05-07T20:56:51+08:00 ] ::1 /li/js/jquery-1.8.2.min.js
INFO: [ app_init ] --START--
INFO: Run Behavior\BuildLiteBehavior [ RunTime:0.000021s ]
INFO: [ app_init ] --END-- [ RunTime:0.000112s ]
ERR: æ— æ³•åŠ è½½æ¨¡å—:Js

[ 2017-05-07T20:56:51+08:00 ] ::1 /li/js/jquery-1.8.2.min.js
INFO: [ app_init ] --START--
INFO: Run Behavior\BuildLiteBehavior [ RunTime:0.000022s ]
INFO: [ app_init ] --END-- [ RunTime:0.000121s ]
ERR: æ— æ³•åŠ è½½æ¨¡å—:Js

[ 2017-05-07T20:56:52+08:00 ] ::1 /li/js/jquery-1.8.2.min.js
INFO: [ app_init ] --START--
INFO: Run Behavior\BuildLiteBehavior [ RunTime:0.000035s ]
INFO: [ app_init ] --END-- [ RunTime:0.000244s ]
ERR: æ— æ³•åŠ è½½æ¨¡å—:Js

[ 2017-05-07T20:56:52+08:00 ] ::1 /li/js/jquery-1.8.2.min.js
INFO: [ app_init ] --START--
INFO: Run Behavior\BuildLiteBehavior [ RunTime:0.000036s ]
INFO: [ app_init ] --END-- [ RunTime:0.000190s ]
ERR: æ— æ³•åŠ è½½æ¨¡å—:Js

[ 2017-05-07T20:56:52+08:00 ] ::1 /li/js/jquery-1.8.2.min.js
INFO: [ app_init ] --START--
INFO: Run Behavior\BuildLiteBehavior [ RunTime:0.000034s ]
INFO: [ app_init ] --END-- [ RunTime:0.000170s ]
ERR: æ— æ³•åŠ è½½æ¨¡å—:Js

[ 2017-05-07T20:56:52+08:00 ] ::1 /li/js/jquery-1.8.2.min.js
INFO: [ app_init ] --START--
INFO: Run Behavior\BuildLiteBehavior [ RunTime:0.000033s ]
INFO: [ app_init ] --END-- [ RunTime:0.000170s ]
ERR: æ— æ³•åŠ è½½æ¨¡å—:Js

[ 2017-05-07T20:56:52+08:00 ] ::1 /li/js/jquery-1.8.2.min.js
INFO: [ app_init ] --START--
INFO: Run Behavior\BuildLiteBehavior [ RunTime:0.000032s ]
INFO: [ app_init ] --END-- [ RunTime:0.000171s ]
ERR: æ— æ³•åŠ è½½æ¨¡å—:Js

[ 2017-05-07T20:56:53+08:00 ] ::1 /li/js/jquery-1.8.2.min.js
INFO: [ app_init ] --START--
INFO: Run Behavior\BuildLiteBehavior [ RunTime:0.000024s ]
INFO: [ app_init ] --END-- [ RunTime:0.000139s ]
ERR: æ— æ³•åŠ è½½æ¨¡å—:Js

[ 2017-05-07T20:57:05+08:00 ] ::1 /li/js/jquery-1.8.2.min.js
INFO: [ app_init ] --START--
INFO: Run Behavior\BuildLiteBehavior [ RunTime:0.000034s ]
INFO: [ app_init ] --END-- [ RunTime:0.000182s ]
ERR: æ— æ³•åŠ è½½æ¨¡å—:Js

[ 2017-05-07T20:57:06+08:00 ] ::1 /li/js/jquery-1.8.2.min.js
INFO: [ app_init ] --START--
INFO: Run Behavior\BuildLiteBehavior [ RunTime:0.000022s ]
INFO: [ app_init ] --END-- [ RunTime:0.000115s ]
ERR: æ— æ³•åŠ è½½æ¨¡å—:Js

[ 2017-05-07T20:57:06+08:00 ] ::1 /li/js/jquery-1.8.2.min.js
INFO: [ app_init ] --START--
INFO: Run Behavior\BuildLiteBehavior [ RunTime:0.000028s ]
INFO: [ app_init ] --END-- [ RunTime:0.000123s ]
ERR: æ— æ³•åŠ è½½æ¨¡å—:Js

[ 2017-05-07T20:59:17+08:00 ] ::1 /li/js/jquery-1.8.2.min.js
INFO: [ app_init ] --START--
INFO: Run Behavior\BuildLiteBehavior [ RunTime:0.000036s ]
INFO: [ app_init ] --END-- [ RunTime:0.000195s ]
ERR: æ— æ³•åŠ è½½æ¨¡å—:Js

[ 2017-05-07T20:59:18+08:00 ] ::1 /li/js/jquery-1.8.2.min.js
INFO: [ app_init ] --START--
INFO: Run Behavior\BuildLiteBehavior [ RunTime:0.000021s ]
INFO: [ app_init ] --END-- [ RunTime:0.000122s ]
ERR: æ— æ³•åŠ è½½æ¨¡å—:Js

[ 2017-05-07T20:59:18+08:00 ] ::1 /li/js/jquery-1.8.2.min.js
INFO: [ app_init ] --START--
INFO: Run Behavior\BuildLiteBehavior [ RunTime:0.000031s ]
INFO: [ app_init ] --END-- [ RunTime:0.000170s ]
ERR: æ— æ³•åŠ è½½æ¨¡å—:Js

[ 2017-05-07T20:59:18+08:00 ] ::1 /li/js/jquery-1.8.2.min.js
INFO: [ app_init ] --START--
INFO: Run Behavior\BuildLiteBehavior [ RunTime:0.000021s ]
INFO: [ app_init ] --END-- [ RunTime:0.000114s ]
ERR: æ— æ³•åŠ è½½æ¨¡å—:Js

[ 2017-05-07T20:59:18+08:00 ] ::1 /li/js/jquery-1.8.2.min.js
INFO: [ app_init ] --START--
INFO: Run Behavior\BuildLiteBehavior [ RunTime:0.000060s ]
INFO: [ app_init ] --END-- [ RunTime:0.000244s ]
ERR: æ— æ³•åŠ è½½æ¨¡å—:Js

[ 2017-05-07T20:59:19+08:00 ] ::1 /li/js/jquery-1.8.2.min.js
INFO: [ app_init ] --START--
INFO: Run Behavior\BuildLiteBehavior [ RunTime:0.000039s ]
INFO: [ app_init ] --END-- [ RunTime:0.000221s ]
ERR: æ— æ³•åŠ è½½æ¨¡å—:Js

[ 2017-05-07T20:59:19+08:00 ] ::1 /li/js/jquery-1.8.2.min.js
INFO: [ app_init ] --START--
INFO: Run Behavior\BuildLiteBehavior [ RunTime:0.000022s ]
INFO: [ app_init ] --END-- [ RunTime:0.000123s ]
ERR: æ— æ³•åŠ è½½æ¨¡å—:Js

[ 2017-05-07T20:59:19+08:00 ] ::1 /li/js/jquery-1.8.2.min.js
INFO: [ app_init ] --START--
INFO: Run Behavior\BuildLiteBehavior [ RunTime:0.000055s ]
INFO: [ app_init ] --END-- [ RunTime:0.000253s ]
ERR: æ— æ³•åŠ è½½æ¨¡å—:Js

[ 2017-05-07T20:59:19+08:00 ] ::1 /li/js/jquery-1.8.2.min.js
INFO: [ app_init ] --START--
INFO: Run Behavior\BuildLiteBehavior [ RunTime:0.000024s ]
INFO: [ app_init ] --END-- [ RunTime:0.000131s ]
ERR: æ— æ³•åŠ è½½æ¨¡å—:Js

[ 2017-05-07T20:59:19+08:00 ] ::1 /li/js/jquery-1.8.2.min.js
INFO: [ app_init ] --START--
INFO: Run Behavior\BuildLiteBehavior [ RunTime:0.000029s ]
INFO: [ app_init ] --END-- [ RunTime:0.000156s ]
ERR: æ— æ³•åŠ è½½æ¨¡å—:Js

[ 2017-05-07T20:59:20+08:00 ] ::1 /li/js/jquery-1.8.2.min.js
INFO: [ app_init ] --START--
INFO: Run Behavior\BuildLiteBehavior [ RunTime:0.000021s ]
INFO: [ app_init ] --END-- [ RunTime:0.000112s ]
ERR: æ— æ³•åŠ è½½æ¨¡å—:Js

[ 2017-05-07T20:59:20+08:00 ] ::1 /li/js/jquery-1.8.2.min.js
INFO: [ app_init ] --START--
INFO: Run Behavior\BuildLiteBehavior [ RunTime:0.000034s ]
INFO: [ app_init ] --END-- [ RunTime:0.000162s ]
ERR: æ— æ³•åŠ è½½æ¨¡å—:Js

[ 2017-05-07T20:59:35+08:00 ] ::1 /li/images/backgrounds/0.jpg
INFO: [ app_init ] --START--
INFO: Run Behavior\BuildLiteBehavior [ RunTime:0.000022s ]
INFO: [ app_init ] --END-- [ RunTime:0.000149s ]
ERR: æ— æ³•åŠ è½½æ¨¡å—:Images

[ 2017-05-07T21:09:46+08:00 ] ::1 /li/js/jquery-1.8.2.min.js
INFO: [ app_init ] --START--
INFO: Run Behavior\BuildLiteBehavior [ RunTime:0.000030s ]
INFO: [ app_init ] --END-- [ RunTime:0.000169s ]
ERR: æ— æ³•åŠ è½½æ¨¡å—:Js

[ 2017-05-07T21:10:20+08:00 ] ::1 /li/js/jquery-1.8.2.min.js
INFO: [ app_init ] --START--
INFO: Run Behavior\BuildLiteBehavior [ RunTime:0.000037s ]
INFO: [ app_init ] --END-- [ RunTime:0.000227s ]
ERR: æ— æ³•åŠ è½½æ¨¡å—:Js

[ 2017-05-07T21:11:04+08:00 ] ::1 /li/js/jquery-1.8.2.min.js
INFO: [ app_init ] --START--
INFO: Run Behavior\BuildLiteBehavior [ RunTime:0.000036s ]
INFO: [ app_init ] --END-- [ RunTime:0.000198s ]
ERR: æ— æ³•åŠ è½½æ¨¡å—:Js

[ 2017-05-07T21:11:04+08:00 ] ::1 /li/js/jquery-1.8.2.min.js
INFO: [ app_init ] --START--
INFO: Run Behavior\BuildLiteBehavior [ RunTime:0.000022s ]
INFO: [ app_init ] --END-- [ RunTime:0.000122s ]
ERR: æ— æ³•åŠ è½½æ¨¡å—:Js

[ 2017-05-07T21:11:05+08:00 ] ::1 /li/js/jquery-1.8.2.min.js
INFO: [ app_init ] --START--
INFO: Run Behavior\BuildLiteBehavior [ RunTime:0.000023s ]
INFO: [ app_init ] --END-- [ RunTime:0.000137s ]
ERR: æ— æ³•åŠ è½½æ¨¡å—:Js

[ 2017-05-07T21:11:05+08:00 ] ::1 /li/js/jquery-1.8.2.min.js
INFO: [ app_init ] --START--
INFO: Run Behavior\BuildLiteBehavior [ RunTime:0.000035s ]
INFO: [ app_init ] --END-- [ RunTime:0.000186s ]
ERR: æ— æ³•åŠ è½½æ¨¡å—:Js

[ 2017-05-07T21:11:05+08:00 ] ::1 /li/js/jquery-1.8.2.min.js
INFO: [ app_init ] --START--
INFO: Run Behavior\BuildLiteBehavior [ RunTime:0.000027s ]
INFO: [ app_init ] --END-- [ RunTime:0.000233s ]
ERR: æ— æ³•åŠ è½½æ¨¡å—:Js

[ 2017-05-07T21:54:39+08:00 ] ::1 /li/js/jquery-1.8.2.min.js
INFO: [ app_init ] --START--
INFO: Run Behavior\BuildLiteBehavior [ RunTime:0.000038s ]
INFO: [ app_init ] --END-- [ RunTime:0.000208s ]
ERR: æ— æ³•åŠ è½½æ¨¡å—:Js

[ 2017-05-07T21:54:40+08:00 ] ::1 /li/js/jquery-1.8.2.min.js
INFO: [ app_init ] --START--
INFO: Run Behavior\BuildLiteBehavior [ RunTime:0.000037s ]
INFO: [ app_init ] --END-- [ RunTime:0.000250s ]
ERR: æ— æ³•åŠ è½½æ¨¡å—:Js

[ 2017-05-07T21:54:40+08:00 ] ::1 /li/js/jquery-1.8.2.min.js
INFO: [ app_init ] --START--
INFO: Run Behavior\BuildLiteBehavior [ RunTime:0.000044s ]
INFO: [ app_init ] --END-- [ RunTime:0.000328s ]
ERR: æ— æ³•åŠ è½½æ¨¡å—:Js

[ 2017-05-07T21:55:51+08:00 ] ::1 /li/1.php
INFO: [ app_init ] --START--
INFO: Run Behavior\BuildLiteBehavior [ RunTime:0.000022s ]
INFO: [ app_init ] --END-- [ RunTime:0.000117s ]
ERR: æ— æ³•åŠ è½½æ¨¡å—:1

[ 2017-05-07T21:55:56+08:00 ] ::1 /li/1.php
INFO: [ app_init ] --START--
INFO: Run Behavior\BuildLiteBehavior [ RunTime:0.000031s ]
INFO: [ app_init ] --END-- [ RunTime:0.000170s ]
ERR: æ— æ³•åŠ è½½æ¨¡å—:1

[ 2017-05-07T21:57:48+08:00 ] ::1 /li/js/jquery-1.8.2.min.js
INFO: [ app_init ] --START--
INFO: Run Behavior\BuildLiteBehavior [ RunTime:0.000033s ]
INFO: [ app_init ] --END-- [ RunTime:0.000135s ]
ERR: æ— æ³•åŠ è½½æ¨¡å—:Js

[ 2017-05-07T21:58:03+08:00 ] ::1 /li/js/jquery-1.8.2.min.js
INFO: [ app_init ] --START--
INFO: Run Behavior\BuildLiteBehavior [ RunTime:0.000023s ]
INFO: [ app_init ] --END-- [ RunTime:0.000174s ]
ERR: æ— æ³•åŠ è½½æ¨¡å—:Js

[ 2017-05-07T22:05:20+08:00 ] ::1 /li/Public/css/Script/jBox/Skins/Blue/jbox.css
INFO: [ app_init ] --START--
INFO: Run Behavior\BuildLiteBehavior [ RunTime:0.000035s ]
INFO: [ app_init ] --END-- [ RunTime:0.000230s ]
ERR: æ— æ³•åŠ è½½æ¨¡å—:Public

[ 2017-05-07T22:05:20+08:00 ] ::1 /li/Public/css/Style/StudentStyle.css
INFO: [ app_init ] --START--
INFO: Run Behavior\BuildLiteBehavior [ RunTime:0.000037s ]
INFO: [ app_init ] --END-- [ RunTime:0.000184s ]
ERR: æ— æ³•åŠ è½½æ¨¡å—:Public

[ 2017-05-07T22:05:20+08:00 ] ::1 /li/Public/js/Script/jBox/jquery-1.4.2.min.js
INFO: [ app_init ] --START--
INFO: Run Behavior\BuildLiteBehavior [ RunTime:0.000035s ]
INFO: [ app_init ] --END-- [ RunTime:0.000240s ]
ERR: æ— æ³•åŠ è½½æ¨¡å—:Public

[ 2017-05-07T22:05:20+08:00 ] ::1 /li/Public/js/Script/Data.js
INFO: [ app_init ] --START--
INFO: Run Behavior\BuildLiteBehavior [ RunTime:0.000034s ]
INFO: [ app_init ] --END-- [ RunTime:0.000192s ]
ERR: æ— æ³•åŠ è½½æ¨¡å—:Public

[ 2017-05-07T22:05:20+08:00 ] ::1 /li/Public/js/Script/changeOption.js
INFO: [ app_init ] --START--
INFO: Run Behavior\BuildLiteBehavior [ RunTime:0.000035s ]
INFO: [ app_init ] --END-- [ RunTime:0.000216s ]
ERR: æ— æ³•åŠ è½½æ¨¡å—:Public

[ 2017-05-07T22:05:20+08:00 ] ::1 /li/Public/js/Script/jBox/jquery.jBox-2.3.min.js
INFO: [ app_init ] --START--
INFO: Run Behavior\BuildLiteBehavior [ RunTime:0.000031s ]
INFO: [ app_init ] --END-- [ RunTime:0.000174s ]
ERR: æ— æ³•å[ 2017-05-07T22:05:20+08:00 ] ::1 /li/Public/js/Script/jBox/i18n/jquery.jBox-zh-CN.js
INFO: [ app_init ] --START--
INFO: Run Behavior\BuildLiteBehavior [ RunTime:0.000035s ]
INFO: [ app_init ] --END-- [ RunTime:0.000199s ]
ERR: æ— æ³•åŠ è½½æ¨¡å—:Public

[ 2017-05-07T22:05:25+08:00 ] ::1 /li/Public/css/Style/ks.css
INFO: [ app_init ] --START--
INFO: Run Behavior\BuildLiteBehavior [ RunTime:0.000032s ]
INFO: [ app_init ] --END-- [ RunTime:0.000186s ]
ERR: æ— æ³•åŠ è½½æ¨¡å—:Public

[ 2017-05-07T22:05:25+08:00 ] ::1 /li/Public/js/Script/jBox/jquery.jBox-2.3.min.js
INFO: [ app_init ] --START--
INFO: Run Behavior\BuildLiteBehavior [ RunTime:0.000032s ]
INFO: [ app_init ] --END-- [ RunTime:0.000187s ]
ERR: æ— æ³•åŠ è½½æ¨¡å—:Public

[ 2017-05-07T22:05:25+08:00 ] ::1 /li/Public/css/Script/jBox/Skins/Blue/jbox.css
INFO: [ app_init ] --START--
INFO: Run Behavior\BuildLiteBehavior [ RunTime:0.000032s ]
INFO: [ app_init ] --END-- [ RunTime:0.000182s ]
ERR: æ— æ³•åŠ è½½æ¨¡å—:Public

[ 2017-05-07T22:05:25+08:00 ] ::1 /li/Public/js/Script/Common.js
INFO: [ app_init ] --START--
INFO: Run Behavior\BuildLiteBehavior [ RunTime:0.000032s ]
INFO: [ app_init ] --END-- [ RunTime:0.000176s ]
ERR: æ— æ³•åŠ è½½æ¨¡å—:Public

[ 2017-05-07T22:05:25+08:00 ] ::1 /li/Public/js/Script/jBox/i18n/jquery.jBox-zh-CN.js
INFO: [ app_init ] --START--
INFO: Run Behavior\BuildLiteBehavior [ RunTime:0.000033s ]
INFO: [ app_init ] --END-- [ RunTime:0.000192s ]
ERR: æ— æ³•åŠ è½½æ¨¡å—:Public

[ 2017-05-07T22:05:25+08:00 ] ::1 /li/Public/js/Script/Data.js
INFO: [ app_init ] --START--
INFO: Run Behavior\BuildLiteBehavior [ RunTime:0.000032s ]
INFO: [ app_init ] --END-- [ RunTime:0.000175s ]
ERR: æ— æ³•åŠ è½½æ¨¡å—:Public

[ 2017-05-07T22:05:25+08:00 ] ::1 /li/Public/css/Style/StudentStyle.css
INFO: [ app_init ] --START--
INFO: Run Behavior\BuildLiteBehavior [ RunTime:0.000038s ]
INFO: [ app_init ] --END-- [ RunTime:0.000212s ]
ERR: æ— æ³•åŠ è½½æ¨¡å—:Public

[ 2017-05-07T22:05:25+08:00 ] ::1 /li/Public/js/Script/changeOption.js
INFO: [ app_init ] --START--
INFO: Run Behavior\BuildLiteBehavior [ RunTime:0.000065s ]
INFO: [ app_init ] --END-- [ RunTime:0.000222s ]
ERR: æ— æ³•åŠ è½½æ¨¡å—:Public

[ 2017-05-07T22:05:25+08:00 ] ::1 /li/Public/js/Script/jBox/jquery-1.4.2.min.js
INFO: [ app_init ] --START--
INFO: Run Behavior\BuildLiteBehavior [ RunTime:0.000031s ]
INFO: [ app_init ] --END-- [ RunTime:0.000172s ]
ERR: æ— æ³•åŠ è½½æ¨¡å—:Public

[ 2017-05-07T22:05:25+08:00 ] ::1 /li/Public/js/Script/rl.js
INFO: [ app_init ] --START--
INFO: Run Behavior\BuildLiteBehavior [ RunTime:0.000034s ]
INFO: [ app_init ] --END-- [ RunTime:0.000180s ]
ERR: æ— æ³•åŠ è½½æ¨¡å—:Public

[ 2017-05-07T22:05:28+08:00 ] ::1 /li/Public/css/Style/StudentStyle.css
INFO: [ app_init ] --START--
INFO: Run Behavior\BuildLiteBehavior [ RunTime:0.000022s ]
INFO: [ app_init ] --END-- [ RunTime:0.000129s ]
ERR: æ— æ³•åŠ è½½æ¨¡å—:Public

[ 2017-05-07T22:05:35+08:00 ] ::1 /li/Public/css/Style/StudentStyle.css
INFO: [ app_init ] --START--
INFO: Run Behavior\BuildLiteBehavior [ RunTime:0.000036s ]
INFO: [ app_init ] --END-- [ RunTime:0.000248s ]
ERR: æ— æ³•åŠ è½½æ¨¡å—:Public

[ 2017-05-07T22:05:40+08:00 ] ::1 /li/Public/css/Script/jBox/Skins/Blue/jbox.css
INFO: [ app_init ] --START--
INFO: Run Behavior\BuildLiteBehavior [ RunTime:0.000021s ]
INFO: [ app_init ] --END-- [ RunTime:0.000115s ]
ERR: æ— æ³•åŠ è½½æ¨¡å—:Public

[ 2017-05-07T22:05:51+08:00 ] ::1 /li/Public/js/Script/Data.js
INFO: [ app_init ] --START--
INFO: Run Behavior\BuildLiteBehavior [ RunTime:0.000021s ]
INFO: [ app_init ] --END-- [ RunTime:0.000110s ]
ERR: æ— æ³•åŠ è½½æ¨¡å—:Public

[ 2017-05-07T22:06:15+08:00 ] ::1 /li/Public/js/Script/jBox/jquery-1.4.2.min.js
INFO: [ app_init ] --START--
INFO: Run Behavior\BuildLiteBehavior [ RunTime:0.000021s ]
INFO: [ app_init ] --END-- [ RunTime:0.000111s ]
ERR: æ— æ³•åŠ è½½æ¨¡å—:Public

[ 2017-05-07T22:07:00+08:00 ] ::1 /li/Public/css/jBox/Skins/Blue/jbox.css
INFO: [ app_init ] --START--
INFO: Run Behavior\BuildLiteBehavior [ RunTime:0.000036s ]
INFO: [ app_init ] --END-- [ RunTime:0.000195s ]
ERR: æ— æ³•åŠ è½½æ¨¡å—:Public

[ 2017-05-07T22:07:16+08:00 ] ::1 /li/Public/css/jBox/Skins/Blue/jbox.css
INFO: [ app_init ] --START--
INFO: Run Behavior\BuildLiteBehavior [ RunTime:0.000021s ]
INFO: [ app_init ] --END-- [ RunTime:0.000114s ]
ERR: æ— æ³•åŠ è½½æ¨¡å—:Public

[ 2017-05-07T22:07:23+08:00 ] ::1 /li/Public/css/jBox/Skins/Blue/jbox.css
INFO: [ app_init ] --START--
INFO: Run Behavior\BuildLiteBehavior [ RunTime:0.000022s ]
INFO: [ app_init ] --END-- [ RunTime:0.000114s ]
ERR: æ— æ³•åŠ è½½æ¨¡å—:Public

[ 2017-05-07T22:09:44+08:00 ] ::1 /li/Public/css/jBox/Skins/Blue/jbox.css
INFO: [ app_init ] --START--
INFO: Run Behavior\BuildLiteBehavior [ RunTime:0.000027s ]
INFO: [ app_init ] --END-- [ RunTime:0.000162s ]
ERR: æ— æ³•åŠ è½½æ¨¡å—:Public

[ 2017-05-07T22:10:18+08:00 ] ::1 /li/Public/css/jBox/Skins/Blue/jbox.css
INFO: [ app_init ] --START--
INFO: Run Behavior\BuildLiteBehavior [ RunTime:0.000022s ]
INFO: [ app_init ] --END-- [ RunTime:0.000135s ]
ERR: æ— æ³•åŠ è½½æ¨¡å—:Public

[ 2017-05-07T22:16:55+08:00 ] ::1 /li/1.php
INFO: [ app_init ] --START--
INFO: Run Behavior\BuildLiteBehavior [ RunTime:0.000022s ]
INFO: [ app_init ] --END-- [ RunTime:0.000125s ]
ERR: æ— æ³•åŠ è½½æ¨¡å—:1

[ 2017-05-07T22:17:04+08:00 ] ::1 /li/js/jquery-1.8.2.min.js
INFO: [ app_init ] --START--
INFO: Run Behavior\BuildLiteBehavior [ RunTime:0.000022s ]
INFO: [ app_init ] --END-- [ RunTime:0.000118s ]
ERR: æ— æ³•åŠ è½½æ¨¡å—:Js

[ 2017-05-07T22:17:08+08:00 ] ::1 /li/Public/css/jBox/Skins/Blue/jbox.css
INFO: [ app_init ] --START--
INFO: Run Behavior\BuildLiteBehavior [ RunTime:0.000037s ]
INFO: [ app_init ] --END-- [ RunTime:0.000225s ]
ERR: æ— æ³•åŠ è½½æ¨¡å—:Public

[ 2017-05-07T22:25:45+08:00 ] ::1 /li/Public/css/jBox/Skins/Blue/jbox.css
INFO: [ app_init ] --START--
INFO: Run Behavior\BuildLiteBehavior [ RunTime:0.000043s ]
INFO: [ app_init ] --END-- [ RunTime:0.000222s ]
ERR: æ— æ³•åŠ è½½æ¨¡å—:Public

[ 2017-05-07T22:30:22+08:00 ] ::1 /li/Public/css/jBox/Skins/Blue/jbox.css
INFO: [ app_init ] --START--
INFO: Run Behavior\BuildLiteBehavior [ RunTime:0.000037s ]
INFO: [ app_init ] --END-- [ RunTime:0.000218s ]
ERR: æ— æ³•åŠ è½½æ¨¡å—:Public

[ 2017-05-07T22:31:00+08:00 ] ::1 /li/Public/css/jBox/Skins/Blue/jbox.css
INFO: [ app_init ] --START--
INFO: Run Behavior\BuildLiteBehavior [ RunTime:0.000043s ]
INFO: [ app_init ] --END-- [ RunTime:0.002296s ]
ERR: æ— æ³•åŠ è½½æ¨¡å—:Public

[ 2017-05-07T22:31:52+08:00 ] ::1 /li/Public/css/jBox/Skins/Blue/jbox.css
INFO: [ app_init ] --START--
INFO: Run Behavior\BuildLiteBehavior [ RunTime:0.000049s ]
INFO: [ app_init ] --END-- [ RunTime:0.000286s ]
ERR: æ— æ³•åŠ è½½æ¨¡å—:Public

[ 2017-05-07T22:33:50+08:00 ] ::1 /li/Public/css/jBox/Skins/Blue/jbox.css
INFO: [ app_init ] --START--
INFO: Run Behavior\BuildLiteBehavior [ RunTime:0.000573s ]
INFO: [ app_init ] --END-- [ RunTime:0.000755s ]
ERR: æ— æ³•åŠ è½½æ¨¡å—:Public

[ 2017-05-07T22:42:39+08:00 ] ::1 /li/js/jquery-1.8.2.min.js
INFO: [ app_init ] --START--
INFO: Run Behavior\BuildLiteBehavior [ RunTime:0.000038s ]
INFO: [ app_init ] --END-- [ RunTime:0.000207s ]
ERR: æ— æ³•åŠ è½½æ¨¡å—:Js

[ 2017-05-07T22:43:07+08:00 ] ::1 /li/Public/css/jBox/Skins/Blue/jbox.css
INFO: [ app_init ] --START--
INFO: Run Behavior\BuildLiteBehavior [ RunTime:0.000031s ]
INFO: [ app_init ] --END-- [ RunTime:0.000174s ]
ERR: æ— æ³•åŠ è½½æ¨¡å—:Public

[ 2017-05-07T22:43:50+08:00 ] ::1 /li/Public/css/jBox/Skins/Blue/jbox.css
INFO: [ app_init ] --START--
INFO: Run Behavior\BuildLiteBehavior [ RunTime:0.000034s ]
INFO: [ app_init ] --END-- [ RunTime:0.000181s ]
ERR: æ— æ³•åŠ è½½æ¨¡å—:Public

[ 2017-05-07T22:43:56+08:00 ] ::1 /li/Public/css/jBox/Skins/Blue/jbox.css
INFO: [ app_init ] --START--
INFO: Run Behavior\BuildLiteBehavior [ RunTime:0.000038s ]
INFO: [ app_init ] --END-- [ RunTime:0.000190s ]
ERR: æ— æ³•åŠ è½½æ¨¡å—:Public

[ 2017-05-07T22:46:15+08:00 ] ::1 /li/Public/css/jBox/Skins/Blue/jbox.css
INFO: [ app_init ] --START--
INFO: Run Behavior\BuildLiteBehavior [ RunTime:0.000033s ]
INFO: [ app_init ] --END-- [ RunTime:0.000185s ]
ERR: æ— æ³•åŠ è½½æ¨¡å—:Public

[ 2017-05-07T22:46:55+08:00 ] ::1 /li/js/jquery-1.8.2.min.js
INFO: [ app_init ] --START--
INFO: Run Behavior\BuildLiteBehavior [ RunTime:0.000036s ]
INFO: [ app_init ] --END-- [ RunTime:0.000199s ]
ERR: æ— æ³•åŠ è½½æ¨¡å—:Js

[ 2017-05-07T22:48:08+08:00 ] ::1 /li/Public/css/jBox/Skins/Blue/jbox.css
INFO: [ app_init ] --START--
INFO: Run Behavior\BuildLiteBehavior [ RunTime:0.000038s ]
INFO: [ app_init ] --END-- [ RunTime:0.000212s ]
ERR: æ— æ³•åŠ è½½æ¨¡å—:Public

[ 2017-05-07T22:49:45+08:00 ] ::1 /li/js/jquery-1.8.2.min.js
INFO: [ app_init ] --START--
INFO: Run Behavior\BuildLiteBehavior [ RunTime:0.000035s ]
INFO: [ app_init ] --END-- [ RunTime:0.000197s ]
ERR: æ— æ³•åŠ è½½æ¨¡å—:Js

[ 2017-05-07T22:49:49+08:00 ] ::1 /li/Public/css/jBox/Skins/Blue/jbox.css
INFO: [ app_init ] --START--
INFO: Run Behavior\BuildLiteBehavior [ RunTime:0.000023s ]
INFO: [ app_init ] --END-- [ RunTime:0.000132s ]
ERR: æ— æ³•åŠ è½½æ¨¡å—:Public

[ 2017-05-07T22:49:50+08:00 ] ::1 /li/Public/css/jBox/Skins/Blue/jbox.css
INFO: [ app_init ] --START--
INFO: Run Behavior\BuildLiteBehavior [ RunTime:0.000032s ]
INFO: [ app_init ] --END-- [ RunTime:0.000168s ]
ERR: æ— æ³•åŠ è½½æ¨¡å—:Public

[ 2017-05-07T22:49:51+08:00 ] ::1 /li/Public/css/jBox/Skins/Blue/jbox.css
INFO: [ app_init ] --START--
INFO: Run Behavior\BuildLiteBehavior [ RunTime:0.000021s ]
INFO: [ app_init ] --END-- [ RunTime:0.000124s ]
ERR: æ— æ³•åŠ è½½æ¨¡å—:Public

[ 2017-05-07T22:49:53+08:00 ] ::1 /li/Public/css/jBox/Skins/Blue/jbox.css
INFO: [ app_init ] --START--
INFO: Run Behavior\BuildLiteBehavior [ RunTime:0.000036s ]
INFO: [ app_init ] --END-- [ RunTime:0.000170s ]
ERR: æ— æ³•åŠ è½½æ¨¡å—:Public

[ 2017-05-07T22:49:55+08:00 ] ::1 /li/Public/css/jBox/Skins/Blue/jbox.css
INFO: [ app_init ] --START--
INFO: Run Behavior\BuildLiteBehavior [ RunTime:0.000021s ]
INFO: [ app_init ] --END-- [ RunTime:0.000113s ]
ERR: æ— æ³•åŠ è½½æ¨¡å—:Public

[ 2017-05-07T22:50:11+08:00 ] ::1 /li/js/jquery-1.8.2.min.js
INFO: [ app_init ] --START--
INFO: Run Behavior\BuildLiteBehavior [ RunTime:0.000033s ]
INFO: [ app_init ] --END-- [ RunTime:0.000176s ]
ERR: æ— æ³•åŠ è½½æ¨¡å—:Js

[ 2017-05-07T22:50:15+08:00 ] ::1 /li/Public/css/jBox/Skins/Blue/jbox.css
INFO: [ app_init ] --START--
INFO: Run Behavior\BuildLiteBehavior [ RunTime:0.000037s ]
INFO: [ app_init ] --END-- [ RunTime:0.000218s ]
ERR: æ— æ³•åŠ è½½æ¨¡å—:Public

[ 2017-05-07T22:50:17+08:00 ] ::1 /li/Public/css/jBox/Skins/Blue/jbox.css
INFO: [ app_init ] --START--
INFO: Run Behavior\BuildLiteBehavior [ RunTime:0.000036s ]
INFO: [ app_init ] --END-- [ RunTime:0.000189s ]
ERR: æ— æ³•åŠ è½½æ¨¡å—:Public

[ 2017-05-07T22:50:18+08:00 ] ::1 /li/Public/css/jBox/Skins/Blue/jbox.css
INFO: [ app_init ] --START--
INFO: Run Behavior\BuildLiteBehavior [ RunTime:0.000036s ]
INFO: [ app_init ] --END-- [ RunTime:0.000209s ]
ERR: æ— æ³•åŠ è½½æ¨¡å—:Public

[ 2017-05-07T22:50:20+08:00 ] ::1 /li/Public/css/jBox/Skins/Blue/jbox.css
INFO: [ app_init ] --START--
INFO: Run Behavior\BuildLiteBehavior [ RunTime:0.000034s ]
INFO: [ app_init ] --END-- [ RunTime:0.000181s ]
ERR: æ— æ³•åŠ è½½æ¨¡å—:Public

[ 2017-05-07T22:50:21+08:00 ] ::1 /li/Public/css/jBox/Skins/Blue/jbox.css
INFO: [ app_init ] --START--
INFO: Run Behavior\BuildLiteBehavior [ RunTime:0.000061s ]
INFO: [ app_init ] --END-- [ RunTime:0.000227s ]
ERR: æ— æ³•åŠ è½½æ¨¡å—:Public

[ 2017-05-07T22:50:25+08:00 ] ::1 /li/Public/css/jBox/Skins/Blue/jbox.css
INFO: [ app_init ] --START--
INFO: Run Behavior\BuildLiteBehavior [ RunTime:0.000037s ]
INFO: [ app_init ] --END-- [ RunTime:0.000185s ]
ERR: æ— æ³•åŠ è½½æ¨¡å—:Public

[ 2017-05-07T22:50:45+08:00 ] ::1 /li/Public/css/jBox/Skins/Blue/jbox.css
INFO: [ app_init ] --START--
INFO: Run Behavior\BuildLiteBehavior [ RunTime:0.000038s ]
INFO: [ app_init ] --END-- [ RunTime:0.000207s ]
ERR: æ— æ³•åŠ è½½æ¨¡å—:Public

[ 2017-05-07T22:50:54+08:00 ] ::1 /li/Public/css/jBox/Skins/Blue/jbox.css
INFO: [ app_init ] --START--
INFO: Run Behavior\BuildLiteBehavior [ RunTime:0.000032s ]
INFO: [ app_init ] --END-- [ RunTime:0.000171s ]
ERR: æ— æ³•åŠ è½½æ¨¡å—:Public

[ 2017-05-07T22:51:38+08:00 ] ::1 /li/Public/css/jBox/Skins/Blue/jbox.css
INFO: [ app_init ] --START--
INFO: Run Behavior\BuildLiteBehavior [ RunTime:0.000035s ]
INFO: [ app_init ] --END-- [ RunTime:0.000188s ]
ERR: æ— æ³•åŠ è½½æ¨¡å—:Public

[ 2017-05-07T22:51:40+08:00 ] ::1 /li/Public/css/jBox/Skins/Blue/jbox.css
INFO: [ app_init ] --START--
INFO: Run Behavior\BuildLiteBehavior [ RunTime:0.000039s ]
INFO: [ app_init ] --END-- [ RunTime:0.000207s ]
ERR: æ— æ³•åŠ è½½æ¨¡å—:Public

[ 2017-05-07T22:51:42+08:00 ] ::1 /li/Public/css/jBox/Skins/Blue/jbox.css
INFO: [ app_init ] --START--
INFO: Run Behavior\BuildLiteBehavior [ RunTime:0.000035s ]
INFO: [ app_init ] --END-- [ RunTime:0.000196s ]
ERR: æ— æ³•åŠ è½½æ¨¡å—:Public

[ 2017-05-07T22:51:43+08:00 ] ::1 /li/Public/css/jBox/Skins/Blue/jbox.css
INFO: [ app_init ] --START--
INFO: Run Behavior\BuildLiteBehavior [ RunTime:0.000040s ]
INFO: [ app_init ] --END-- [ RunTime:0.000283s ]
ERR: æ— æ³•åŠ è½½æ¨¡å—:Public

[ 2017-05-07T22:51:46+08:00 ] ::1 /li/Public/css/jBox/Skins/Blue/jbox.css
INFO: [ app_init ] --START--
INFO: Run Behavior\BuildLiteBehavior [ RunTime:0.000038s ]
INFO: [ app_init ] --END-- [ RunTime:0.000218s ]
ERR: æ— æ³•åŠ è½½æ¨¡å—:Public

[ 2017-05-07T22:51:54+08:00 ] ::1 /li/Public/css/jBox/Skins/Blue/jbox.css
INFO: [ app_init ] --START--
INFO: Run Behavior\BuildLiteBehavior [ RunTime:0.000037s ]
INFO: [ app_init ] --END-- [ RunTime:0.000206s ]
ERR: æ— æ³•åŠ è½½æ¨¡å—:Public

[ 2017-05-07T22:51:59+08:00 ] ::1 /li/Public/css/jBox/Skins/Blue/jbox.css
INFO: [ app_init ] --START--
INFO: Run Behavior\BuildLiteBehavior [ RunTime:0.000031s ]
INFO: [ app_init ] --END-- [ RunTime:0.000205s ]
ERR: æ— æ³•åŠ è½½æ¨¡å—:Public

[ 2017-05-07T22:52:00+08:00 ] ::1 /li/Public/css/jBox/Skins/Blue/jbox.css
INFO: [ app_init ] --START--
INFO: Run Behavior\BuildLiteBehavior [ RunTime:0.000036s ]
INFO: [ app_init ] --END-- [ RunTime:0.000188s ]
ERR: æ— æ³•åŠ è½½æ¨¡å—:Public

[ 2017-05-07T22:52:56+08:00 ] ::1 /li/index.php/Style/StudentStyle.css
INFO: [ app_init ] --START--
INFO: Run Behavior\BuildLiteBehavior [ RunTime:0.000040s ]
INFO: [ app_init ] --END-- [ RunTime:0.000192s ]
ERR: æ— æ³•åŠ è½½æ¨¡å—:Style

[ 2017-05-07T22:52:56+08:00 ] ::1 /li/index.php/Script/jBox/jquery-1.4.2.min.js
INFO: [ app_init ] --START--
INFO: Run Behavior\BuildLiteBehavior [ RunTime:0.000034s ]
INFO: [ app_init ] --END-- [ RunTime:0.000211s ]
ERR: æ— æ³•åŠ è½½æ¨¡å—:Script

[ 2017-05-07T22:52:56+08:00 ] ::1 /li/index.php/Script/jBox/jquery.jBox-2.3.min.js
INFO: [ app_init ] --START--
INFO: Run Behavior\BuildLiteBehavior [ RunTime:0.000032s ]
INFO: [ app_init ] --END-- [ RunTime:0.000190s ]
ERR: æ— æ³•åŠ è½½æ¨¡å—:Script

[ 2017-05-07T22:52:56+08:00 ] ::1 /li/index.php/Script/Data.js
INFO: [ app_init ] --START--
INFO: Run Behavior\BuildLiteBehavior [ RunTime:0.000035s ]
INFO: [ app_init ] --END-- [ RunTime:0.000198s ]
ERR: æ— æ³•åŠ è½½æ¨¡å—:Script

[ 2017-05-07T22:52:56+08:00 ] ::1 /li/index.php/Script/jBox/Skins/Blue/jbox.css
INFO: [ app_init ] --START--
INFO: Run Behavior\BuildLiteBehavior [ RunTime:0.000036s ]
INFO: [ app_init ] --END-- [ RunTime:0.000220s ]
ERR: æ— æ³•åŠ è½½æ¨¡å—:Script

[ 2017-05-07T22:52:56+08:00 ] ::1 /li/index.php/Style/ks.css
INFO: [ app_init ] --START--
INFO: Run Behavior\BuildLiteBehavior [ RunTime:0.000037s ]
INFO: [ app_init ] --END-- [ RunTime:0.000200s ]
ERR: æ— æ³•åŠ è½½æ¨¡å—:Style

[ 2017-05-07T22:52:56+08:00 ] ::1 /li/index.php/Script/jBox/i18n/jquery.jBox-zh-CN.js
INFO: [ app_init ] --START--
INFO: Run Behavior\BuildLiteBehavior [ RunTime:0.000036s ]
INFO: [ app_init ] --END-- [ RunTime:0.000197s ]
ERR: æ— æ³•åŠ è½½æ¨¡å—:Script

[ 2017-05-07T22:52:56+08:00 ] ::1 /li/index.php/Script/Common.js
INFO: [ app_init ] --START--
INFO: Run Behavior\BuildLiteBehavior [ RunTime:0.000039s ]
INFO: [ app_init ] --END-- [ RunTime:0.000210s ]
ERR: æ— æ³•åŠ è½½æ¨¡å—:Script

[ 2017-05-07T22:52:56+08:00 ] ::1 /li/index.php/Images/Student/logo.gif
INFO: [ app_init ] --START--
INFO: Run Behavior\BuildLiteBehavior [ RunTime:0.000036s ]
INFO: [ app_init ] --END-- [ RunTime:0.000204s ]
ERR: æ— æ³•åŠ è½½æ¨¡å—:Images

[ 2017-05-07T22:53:22+08:00 ] ::1 /li/Public/css/jBox/Skins/Blue/jbox.css
INFO: [ app_init ] --START--
INFO: Run Behavior\BuildLiteBehavior [ RunTime:0.000037s ]
INFO: [ app_init ] --END-- [ RunTime:0.000197s ]
ERR: æ— æ³•åŠ è½½æ¨¡å—:Public

[ 2017-05-07T22:53:23+08:00 ] ::1 /li/index.php/Images/Student/logo.gif
INFO: [ app_init ] --START--
INFO: Run Behavior\BuildLiteBehavior [ RunTime:0.000036s ]
INFO: [ app_init ] --END-- [ RunTime:0.000212s ]
ERR: æ— æ³•åŠ è½½æ¨¡å—:Images

[ 2017-05-07T22:54:01+08:00 ] ::1 /li/index.php/Images/Student/logo.gif
INFO: [ app_init ] --START--
INFO: Run Behavior\BuildLiteBehavior [ RunTime:0.000033s ]
INFO: [ app_init ] --END-- [ RunTime:0.000184s ]
ERR: æ— æ³•åŠ è½½æ¨¡å—:Images

[ 2017-05-07T22:54:01+08:00 ] ::1 /li/Public/css/jBox/Skins/Blue/jbox.css
INFO: [ app_init ] --START--
INFO: Run Behavior\BuildLiteBehavior [ RunTime:0.000034s ]
INFO: [ app_init ] --END-- [ RunTime:0.000194s ]
ERR: æ— æ³•åŠ è½½æ¨¡å—:Public

[ 2017-05-07T22:54:01+08:00 ] ::1 /li/index.php/Images/Student/logo.gif
INFO: [ app_init ] --START--
INFO: Run Behavior\BuildLiteBehavior [ RunTime:0.000043s ]
INFO: [ app_init ] --END-- [ RunTime:0.000208s ]
ERR: æ— æ³•åŠ è½½æ¨¡å—:Images

[ 2017-05-07T22:54:02+08:00 ] ::1 /li/Public/css/jBox/Skins/Blue/jbox.css
INFO: [ app_init ] --START--
INFO: Run Behavior\BuildLiteBehavior [ RunTime:0.000035s ]
INFO: [ app_init ] --END-- [ RunTime:0.000191s ]
ERR: æ— æ³•åŠ è½½æ¨¡å—:Public

[ 2017-05-07T22:54:03+08:00 ] ::1 /li/Public/css/jBox/Skins/Blue/jbox.css
INFO: [ app_init ] --START--
INFO: Run Behavior\BuildLiteBehavior [ RunTime:0.000039s ]
INFO: [ app_init ] --END-- [ RunTime:0.000233s ]
ERR: æ— æ³•åŠ è½½æ¨¡å—:Public

[ 2017-05-07T22:54:04+08:00 ] ::1 /li/index.php/Images/Student/logo.gif
INFO: [ app_init ] --START--
INFO: Run Behavior\BuildLiteBehavior [ RunTime:0.000035s ]
INFO: [ app_init ] --END-- [ RunTime:0.000187s ]
ERR: æ— æ³•åŠ è½½æ¨¡å—:Images

[ 2017-05-07T22:54:04+08:00 ] ::1 /li/Public/css/jBox/Skins/Blue/jbox.css
INFO: [ app_init ] --START--
INFO: Run Behavior\BuildLiteBehavior [ RunTime:0.000028s ]
INFO: [ app_init ] --END-- [ RunTime:0.000164s ]
ERR: æ— æ³•åŠ è½½æ¨¡å—:Public

[ 2017-05-07T22:54:05+08:00 ] ::1 /li/index.php/Images/Student/logo.gif
INFO: [ app_init ] --START--
INFO: Run Behavior\BuildLiteBehavior [ RunTime:0.000035s ]
INFO: [ app_init ] --END-- [ RunTime:0.000191s ]
ERR: æ— æ³•åŠ è½½æ¨¡å—:Images

[ 2017-05-07T22:57:39+08:00 ] ::1 /li/Public/css/jBox/Skins/Blue/jbox.css
INFO: [ app_init ] --START--
INFO: Run Behavior\BuildLiteBehavior [ RunTime:0.000045s ]
INFO: [ app_init ] --END-- [ RunTime:0.000210s ]
ERR: æ— æ³•åŠ è½½æ¨¡å—:Public

[ 2017-05-07T22:57:39+08:00 ] ::1 /li/index.php/Images/Student/logo.gif
INFO: [ app_init ] --START--
INFO: Run Behavior\BuildLiteBehavior [ RunTime:0.000033s ]
INFO: [ app_init ] --END-- [ RunTime:0.000191s ]
ERR: æ— æ³•åŠ è½½æ¨¡å—:Images

[ 2017-05-07T23:00:17+08:00 ] ::1 /li/js/jquery-1.8.2.min.js
INFO: [ app_init ] --START--
INFO: Run Behavior\BuildLiteBehavior [ RunTime:0.000023s ]
INFO: [ app_init ] --END-- [ RunTime:0.000121s ]
ERR: æ— æ³•åŠ è½½æ¨¡å—:Js

[ 2017-05-07T23:00:21+08:00 ] ::1 /li/Public/css/jBox/Skins/Blue/jbox.css
INFO: [ app_init ] --START--
INFO: Run Behavior\BuildLiteBehavior [ RunTime:0.000035s ]
INFO: [ app_init ] --END-- [ RunTime:0.000191s ]
ERR: æ— æ³•åŠ è½½æ¨¡å—:Public

[ 2017-05-07T23:02:10+08:00 ] ::1 /li/Public/css/jBox/Skins/Blue/jbox.css
INFO: [ app_init ] --START--
INFO: Run Behavior\BuildLiteBehavior [ RunTime:0.000036s ]
INFO: [ app_init ] --END-- [ RunTime:0.000210s ]
ERR: æ— æ³•åŠ è½½æ¨¡å—:Public

[ 2017-05-07T23:02:10+08:00 ] ::1 /li/index.php/Images/Student/logo.gif
INFO: [ app_init ] --START--
INFO: Run Behavior\BuildLiteBehavior [ RunTime:0.000032s ]
INFO: [ app_init ] --END-- [ RunTime:0.000191s ]
ERR: æ— æ³•åŠ è½½æ¨¡å—:Images

[ 2017-05-07T23:03:30+08:00 ] ::1 /li/Public/css/jBox/Skins/Blue/jbox.css
INFO: [ app_init ] --START--
INFO: Run Behavior\BuildLiteBehavior [ RunTime:0.000036s ]
INFO: [ app_init ] --END-- [ RunTime:0.000193s ]
ERR: æ— æ³•åŠ è½½æ¨¡å—:Public

[ 2017-05-07T23:03:32+08:00 ] ::1 /li/Public/css/jBox/Skins/Blue/jbox.css
INFO: [ app_init ] --START--
INFO: Run Behavior\BuildLiteBehavior [ RunTime:0.000036s ]
INFO: [ app_init ] --END-- [ RunTime:0.000206s ]
ERR: æ— æ³•åŠ è½½æ¨¡å—:Public

[ 2017-05-07T23:03:33+08:00 ] ::1 /li/Public/css/jBox/Skins/Blue/jbox.css
INFO: [ app_init ] --START--
INFO: Run Behavior\BuildLiteBehavior [ RunTime:0.000034s ]
INFO: [ app_init ] --END-- [ RunTime:0.000191s ]
ERR: æ— æ³•åŠ è½½æ¨¡å—:Public

[ 2017-05-07T23:03:36+08:00 ] ::1 /li/Public/css/jBox/Skins/Blue/jbox.css
INFO: [ app_init ] --START--
INFO: Run Behavior\BuildLiteBehavior [ RunTime:0.000032s ]
INFO: [ app_init ] --END-- [ RunTime:0.000166s ]
ERR: æ— æ³•åŠ è½½æ¨¡å—:Public

[ 2017-05-07T23:03:36+08:00 ] ::1 /li/Public/css/jBox/Skins/Blue/jbox.css
INFO: [ app_init ] --START--
INFO: Run Behavior\BuildLiteBehavior [ RunTime:0.000035s ]
INFO: [ app_init ] --END-- [ RunTime:0.000196s ]
ERR: æ— æ³•åŠ è½½æ¨¡å—:Public

[ 2017-05-07T23:03:38+08:00 ] ::1 /li/Public/css/jBox/Skins/Blue/jbox.css
INFO: [ app_init ] --START--
INFO: Run Behavior\BuildLiteBehavior [ RunTime:0.000031s ]
INFO: [ app_init ] --END-- [ RunTime:0.000188s ]
ERR: æ— æ³•åŠ è½½æ¨¡å—:Public

[ 2017-05-07T23:03:38+08:00 ] ::1 /li/index.php/Images/Student/logo.gif
INFO: [ app_init ] --START--
INFO: Run Behavior\BuildLiteBehavior [ RunTime:0.000034s ]
INFO: [ app_init ] --END-- [ RunTime:0.000198s ]
ERR: æ— æ³•åŠ è½½æ¨¡å—:Images

[ 2017-05-07T23:17:30+08:00 ] ::1 /li/Public/css/jBox/Skins/Blue/jbox.css
INFO: [ app_init ] --START--
INFO: Run Behavior\BuildLiteBehavior [ RunTime:0.000023s ]
INFO: [ app_init ] --END-- [ RunTime:0.000124s ]
ERR: æ— æ³•åŠ è½½æ¨¡å—:Public

[ 2017-05-07T23:17:55+08:00 ] ::1 /li/Public/css/jBox/Skins/Blue/jbox.css
INFO: [ app_init ] --START--
INFO: Run Behavior\BuildLiteBehavior [ RunTime:0.000022s ]
INFO: [ app_init ] --END-- [ RunTime:0.000145s ]
ERR: æ— æ³•åŠ è½½æ¨¡å—:Public

[ 2017-05-07T23:17:56+08:00 ] ::1 /li/Public/Images/Student/logo.gif
INFO: [ app_init ] --START--
INFO: Run Behavior\BuildLiteBehavior [ RunTime:0.000033s ]
INFO: [ app_init ] --END-- [ RunTime:0.000221s ]
ERR: æ— æ³•åŠ è½½æ¨¡å—:Public

[ 2017-05-07T23:18:11+08:00 ] ::1 /li/Public/css/jBox/Skins/Blue/jbox.css
INFO: [ app_init ] --START--
INFO: Run Behavior\BuildLiteBehavior [ RunTime:0.000036s ]
INFO: [ app_init ] --END-- [ RunTime:0.000222s ]
ERR: æ— æ³•åŠ è½½æ¨¡å—:Public

[ 2017-05-07T23:18:12+08:00 ] ::1 /li/Public/Images/Student/logo.gif
INFO: [ app_init ] --START--
INFO: Run Behavior\BuildLiteBehavior [ RunTime:0.000031s ]
INFO: [ app_init ] --END-- [ RunTime:0.000181s ]
ERR: æ— æ³•åŠ è½½æ¨¡å—:Public

[ 2017-05-07T23:18:12+08:00 ] ::1 /li/Public/Images/Student/topbgright.jpg
INFO: [ app_init ] --START--
INFO: Run Behavior\BuildLiteBehavior [ RunTime:0.000038s ]
INFO: [ app_init ] --END-- [ RunTime:0.000194s ]
ERR: æ— æ³•åŠ è½½æ¨¡å—:Public

[ 2017-05-07T23:18:16+08:00 ] ::1 /li/Public/css/jBox/Skins/Blue/jbox.css
INFO: [ app_init ] --START--
INFO: Run Behavior\BuildLiteBehavior [ RunTime:0.000033s ]
INFO: [ app_init ] --END-- [ RunTime:0.000181s ]
ERR: æ— æ³•åŠ è½½æ¨¡å—:Public

[ 2017-05-07T23:18:17+08:00 ] ::1 /li/Public/Images/Student/topbgright.jpg
INFO: [ app_init ] --START--
INFO: Run Behavior\BuildLiteBehavior [ RunTime:0.000035s ]
INFO: [ app_init ] --END-- [ RunTime:0.000188s ]
ERR: æ— æ³•åŠ è½½æ¨¡å—:Public

[ 2017-05-07T23:18:18+08:00 ] ::1 /li/Public/css/jBox/Skins/Blue/jbox.css
INFO: [ app_init ] --START--
INFO: Run Behavior\BuildLiteBehavior [ RunTime:0.000031s ]
INFO: [ app_init ] --END-- [ RunTime:0.000165s ]
ERR: æ— æ³•åŠ è½½æ¨¡å—:Public

[ 2017-05-07T23:18:19+08:00 ] ::1 /li/Public/Images/Student/topbgright.jpg
INFO: [ app_init ] --START--
INFO: Run Behavior\BuildLiteBehavior [ RunTime:0.000034s ]
INFO: [ app_init ] --END-- [ RunTime:0.000186s ]
ERR: æ— æ³•åŠ è½½æ¨¡å—:Public

[ 2017-05-07T23:18:22+08:00 ] ::1 /li/Public/css/jBox/Skins/Blue/jbox.css
INFO: [ app_init ] --START--
INFO: Run Behavior\BuildLiteBehavior [ RunTime:0.000036s ]
INFO: [ app_init ] --END-- [ RunTime:0.000196s ]
ERR: æ— æ³•åŠ è½½æ¨¡å—:Public

[ 2017-05-07T23:18:23+08:00 ] ::1 /li/index.php/Images/Student/logo.gif
INFO: [ app_init ] --START--
INFO: Run Behavior\BuildLiteBehavior [ RunTime:0.000022s ]
INFO: [ app_init ] --END-- [ RunTime:0.000117s ]
ERR: æ— æ³•åŠ è½½æ¨¡å—:Images

[ 2017-05-07T23:18:23+08:00 ] ::1 /li/Public/Images/Student/topbgright.jpg
INFO: [ app_init ] --START--
INFO: Run Behavior\BuildLiteBehavior [ RunTime:0.000033s ]
INFO: [ app_init ] --END-- [ RunTime:0.000180s ]
ERR: æ— æ³•åŠ è½½æ¨¡å—:Public

[ 2017-05-07T23:18:24+08:00 ] ::1 /li/Public/css/jBox/Skins/Blue/jbox.css
INFO: [ app_init ] --START--
INFO: Run Behavior\BuildLiteBehavior [ RunTime:0.000036s ]
INFO: [ app_init ] --END-- [ RunTime:0.000201s ]
ERR: æ— æ³•åŠ è½½æ¨¡å—:Public

[ 2017-05-07T23:18:25+08:00 ] ::1 /li/Public/Images/Student/topbgright.jpg
INFO: [ app_init ] --START--
INFO: Run Behavior\BuildLiteBehavior [ RunTime:0.000104s ]
INFO: [ app_init ] --END-- [ RunTime:0.000623s ]
ERR: æ— æ³•åŠ è½½æ¨¡å—:Public

[ 2017-05-07T23:24:16+08:00 ] ::1 /li/Public/css/jBox/Skins/Blue/jbox.css
INFO: [ app_init ] --START--
INFO: Run Behavior\BuildLiteBehavior [ RunTime:0.000020s ]
INFO: [ app_init ] --END-- [ RunTime:0.000110s ]
ERR: æ— æ³•åŠ è½½æ¨¡å—:Public

[ 2017-05-07T23:24:17+08:00 ] ::1 /li/Public/Images/Student/topbgright.jpg
INFO: [ app_init ] --START--
INFO: Run Behavior\BuildLiteBehavior [ RunTime:0.000031s ]
INFO: [ app_init ] --END-- [ RunTime:0.000171s ]
ERR: æ— æ³•åŠ è½½æ¨¡å—:Public

[ 2017-05-07T23:26:03+08:00 ] ::1 /li/Public/css/jBox/Skins/Blue/jbox.css
INFO: [ app_init ] --START--
INFO: Run Behavior\BuildLiteBehavior [ RunTime:0.000024s ]
INFO: [ app_init ] --END-- [ RunTime:0.000125s ]
ERR: æ— æ³•åŠ è½½æ¨¡å—:Public

[ 2017-05-07T23:26:04+08:00 ] ::1 /li/Public/Images/Student/topbgright.jpg
INFO: [ app_init ] --START--
INFO: Run Behavior\BuildLiteBehavior [ RunTime:0.000032s ]
INFO: [ app_init ] --END-- [ RunTime:0.000209s ]
ERR: æ— æ³•åŠ è½½æ¨¡å—:Public

[ 2017-05-07T23:26:05+08:00 ] ::1 /li/Public/css/jBox/Skins/Blue/jbox.css
INFO: [ app_init ] --START--
INFO: Run Behavior\BuildLiteBehavior [ RunTime:0.000038s ]
INFO: [ app_init ] --END-- [ RunTime:0.000299s ]
ERR: æ— æ³•åŠ è½½æ¨¡å—:Public

[ 2017-05-07T23:26:06+08:00 ] ::1 /li/index.php/Images/Student/logo.gif
INFO: [ app_init ] --START--
INFO: Run Behavior\BuildLiteBehavior [ RunTime:0.000034s ]
INFO: [ app_init ] --END-- [ RunTime:0.000187s ]
ERR: æ— æ³•åŠ è½½æ¨¡å—:Images

[ 2017-05-07T23:26:06+08:00 ] ::1 /li/Public/Images/Student/topbgright.jpg
INFO: [ app_init ] --START--
INFO: Run Behavior\BuildLiteBehavior [ RunTime:0.000035s ]
INFO: [ app_init ] --END-- [ RunTime:0.000197s ]
ERR: æ— æ³•åŠ è½½æ¨¡å—:Public

[ 2017-05-07T23:26:16+08:00 ] ::1 /li/Public/css/jBox/Skins/Blue/jbox.css
INFO: [ app_init ] --START--
INFO: Run Behavior\BuildLiteBehavior [ RunTime:0.000023s ]
INFO: [ app_init ] --END-- [ RunTime:0.000118s ]
ERR: æ— æ³•åŠ è½½æ¨¡å—:Public

[ 2017-05-07T23:26:17+08:00 ] ::1 /li/Public/Images/Student/topbgright.jpg
INFO: [ app_init ] --START--
INFO: Run Behavior\BuildLiteBehavior [ RunTime:0.000022s ]
INFO: [ app_init ] --END-- [ RunTime:0.000117s ]
ERR: æ— æ³•åŠ è½½æ¨¡å—:Public

[ 2017-05-07T23:33:04+08:00 ] ::1 /li/Public/css/jBox/Skins/Blue/jbox.css
INFO: [ app_init ] --START--
INFO: Run Behavior\BuildLiteBehavior [ RunTime:0.000021s ]
INFO: [ app_init ] --END-- [ RunTime:0.000109s ]
ERR: æ— æ³•åŠ è½½æ¨¡å—:Public

[ 2017-05-07T23:33:05+08:00 ] ::1 /li/Public/Images/Student/topbgright.jpg
INFO: [ app_init ] --START--
INFO: Run Behavior\BuildLiteBehavior [ RunTime:0.000035s ]
INFO: [ app_init ] --END-- [ RunTime:0.000199s ]
ERR: æ— æ³•åŠ è½½æ¨¡å—:Public

[ 2017-05-07T23:33:06+08:00 ] ::1 /li/Public/css/jBox/Skins/Blue/jbox.css
INFO: [ app_init ] --START--
INFO: Run Behavior\BuildLiteBehavior [ RunTime:0.000033s ]
INFO: [ app_init ] --END-- [ RunTime:0.000173s ]
ERR: æ— æ³•åŠ è½½æ¨¡å—:Public

[ 2017-05-07T23:33:07+08:00 ] ::1 /li/Public/Images/Student/topbgright.jpg
INFO: [ app_init ] --START--
INFO: Run Behavior\BuildLiteBehavior [ RunTime:0.000034s ]
INFO: [ app_init ] --END-- [ RunTime:0.000189s ]
ERR: æ— æ³•åŠ è½½æ¨¡å—:Public

[ 2017-05-07T23:33:28+08:00 ] ::1 /li/Public/css/jBox/Skins/Blue/jbox.css
INFO: [ app_init ] --START--
INFO: Run Behavior\BuildLiteBehavior [ RunTime:0.000033s ]
INFO: [ app_init ] --END-- [ RunTime:0.000257s ]
ERR: æ— æ³•åŠ è½½æ¨¡å—:Public

[ 2017-05-07T23:33:29+08:00 ] ::1 /li/Public/Images/Student/topbgright.jpg
INFO: [ app_init ] --START--
INFO: Run Behavior\BuildLiteBehavior [ RunTime:0.000022s ]
INFO: [ app_init ] --END-- [ RunTime:0.000123s ]
ERR: æ— æ³•åŠ è½½æ¨¡å—:Public

[ 2017-05-07T23:33:51+08:00 ] ::1 /li/Public/css/jBox/Skins/Blue/jbox.css
INFO: [ app_init ] --START--
INFO: Run Behavior\BuildLiteBehavior [ RunTime:0.000021s ]
INFO: [ app_init ] --END-- [ RunTime:0.000118s ]
ERR: æ— æ³•åŠ è½½æ¨¡å—:Public

[ 2017-05-07T23:33:52+08:00 ] ::1 /li/Public/Images/Student/topbgright.jpg
INFO: [ app_init ] --START--
INFO: Run Behavior\BuildLiteBehavior [ RunTime:0.000033s ]
INFO: [ app_init ] --END-- [ RunTime:0.000181s ]
ERR: æ— æ³•åŠ è½½æ¨¡å—:Public

[ 2017-05-07T23:37:57+08:00 ] ::1 /li/Public/css/jBox/Skins/Blue/jbox.css
INFO: [ app_init ] --START--
INFO: Run Behavior\BuildLiteBehavior [ RunTime:0.000022s ]
INFO: [ app_init ] --END-- [ RunTime:0.000116s ]
ERR: æ— æ³•åŠ è½½æ¨¡å—:Public

[ 2017-05-07T23:37:58+08:00 ] ::1 /li/Public/Images/Student/topbgright.jpg
INFO: [ app_init ] --START--
INFO: Run Behavior\BuildLiteBehavior [ RunTime:0.000033s ]
INFO: [ app_init ] --END-- [ RunTime:0.000181s ]
ERR: æ— æ³•åŠ è½½æ¨¡å—:Public

[ 2017-05-07T23:37:59+08:00 ] ::1 /li/Public/css/jBox/Skins/Blue/jbox.css
INFO: [ app_init ] --START--
INFO: Run Behavior\BuildLiteBehavior [ RunTime:0.000048s ]
INFO: [ app_init ] --END-- [ RunTime:0.000196s ]
ERR: æ— æ³•åŠ è½½æ¨¡å—:Public

[ 2017-05-07T23:38:00+08:00 ] ::1 /li/Public/Images/Student/topbgright.jpg
INFO: [ app_init ] --START--
INFO: Run Behavior\BuildLiteBehavior [ RunTime:0.000034s ]
INFO: [ app_init ] --END-- [ RunTime:0.000186s ]
ERR: æ— æ³•åŠ è½½æ¨¡å—:Public

[ 2017-05-07T23:38:02+08:00 ] ::1 /li/Public/css/jBox/Skins/Blue/jbox.css
INFO: [ app_init ] --START--
INFO: Run Behavior\BuildLiteBehavior [ RunTime:0.000036s ]
INFO: [ app_init ] --END-- [ RunTime:0.000199s ]
ERR: æ— æ³•åŠ è½½æ¨¡å—:Public

[ 2017-05-07T23:38:03+08:00 ] ::1 /li/Public/Images/Student/topbgright.jpg
INFO: [ app_init ] --START--
INFO: Run Behavior\BuildLiteBehavior [ RunTime:0.000034s ]
INFO: [ app_init ] --END-- [ RunTime:0.000183s ]
ERR: æ— æ³•åŠ è½½æ¨¡å—:Public

[ 2017-05-07T23:38:04+08:00 ] ::1 /li/Public/css/jBox/Skins/Blue/jbox.css
INFO: [ app_init ] --START--
INFO: Run Behavior\BuildLiteBehavior [ RunTime:0.000033s ]
INFO: [ app_init ] --END-- [ RunTime:0.000189s ]
ERR: æ— æ³•åŠ è½½æ¨¡å—:Public

[ 2017-05-07T23:38:05+08:00 ] ::1 /li/Public/Images/Student/topbgright.jpg
INFO: [ app_init ] --START--
INFO: Run Behavior\BuildLiteBehavior [ RunTime:0.000033s ]
INFO: [ app_init ] --END-- [ RunTime:0.000180s ]
ERR: æ— æ³•åŠ è½½æ¨¡å—:Public

[ 2017-05-07T23:38:06+08:00 ] ::1 /li/Public/css/jBox/Skins/Blue/jbox.css
INFO: [ app_init ] --START--
INFO: Run Behavior\BuildLiteBehavior [ RunTime:0.000033s ]
INFO: [ app_init ] --END-- [ RunTime:0.000189s ]
ERR: æ— æ³•åŠ è½½æ¨¡å—:Public

[ 2017-05-07T23:38:07+08:00 ] ::1 /li/Public/Images/Student/topbgright.jpg
INFO: [ app_init ] --START--
INFO: Run Behavior\BuildLiteBehavior [ RunTime:0.000036s ]
INFO: [ app_init ] --END-- [ RunTime:0.000193s ]
ERR: æ— æ³•åŠ è½½æ¨¡å—:Public

[ 2017-05-07T23:39:07+08:00 ] ::1 /li/Public/css/jBox/Skins/Blue/jbox.css
INFO: [ app_init ] --START--
INFO: Run Behavior\BuildLiteBehavior [ RunTime:0.000021s ]
INFO: [ app_init ] --END-- [ RunTime:0.000121s ]
ERR: æ— æ³•åŠ è½½æ¨¡å—:Public

[ 2017-05-07T23:39:08+08:00 ] ::1 /li/Public/Images/Student/topbgright.jpg
INFO: [ app_init ] --START--
INFO: Run Behavior\BuildLiteBehavior [ RunTime:0.000032s ]
INFO: [ app_init ] --END-- [ RunTime:0.000263s ]
ERR: æ— æ³•åŠ è½½æ¨¡å—:Public

[ 2017-05-07T23:39:10+08:00 ] ::1 /li/Public/css/jBox/Skins/Blue/jbox.css
INFO: [ app_init ] --START--
INFO: Run Behavior\BuildLiteBehavior [ RunTime:0.000034s ]
INFO: [ app_init ] --END-- [ RunTime:0.000182s ]
ERR: æ— æ³•åŠ è½½æ¨¡å—:Public

[ 2017-05-07T23:39:10+08:00 ] ::1 /li/index.php/Images/Student/logo.gif
INFO: [ app_init ] --START--
INFO: Run Behavior\BuildLiteBehavior [ RunTime:0.000033s ]
INFO: [ app_init ] --END-- [ RunTime:0.000184s ]
ERR: æ— æ³•åŠ è½½æ¨¡å—:Images

[ 2017-05-07T23:39:11+08:00 ] ::1 /li/Public/Images/Student/topbgright.jpg
INFO: [ app_init ] --START--
INFO: Run Behavior\BuildLiteBehavior [ RunTime:0.000047s ]
INFO: [ app_init ] --END-- [ RunTime:0.000213s ]
ERR: æ— æ³•åŠ è½½æ¨¡å—:Public

[ 2017-05-07T23:39:24+08:00 ] ::1 /li/Public/css/jBox/Skins/Blue/jbox.css
INFO: [ app_init ] --START--
INFO: Run Behavior\BuildLiteBehavior [ RunTime:0.000036s ]
INFO: [ app_init ] --END-- [ RunTime:0.000255s ]
ERR: æ— æ³•åŠ è½½æ¨¡å—:Public

[ 2017-05-07T23:39:25+08:00 ] ::1 /li/Public/Images/Student/topbgright.jpg
INFO: [ app_init ] --START--
INFO: Run Behavior\BuildLiteBehavior [ RunTime:0.000034s ]
INFO: [ app_init ] --END-- [ RunTime:0.000186s ]
ERR: æ— æ³•åŠ è½½æ¨¡å—:Public

[ 2017-05-07T23:39:28+08:00 ] ::1 /li/Public/css/jBox/Skins/Blue/jbox.css
INFO: [ app_init ] --START--
INFO: Run Behavior\BuildLiteBehavior [ RunTime:0.000021s ]
INFO: [ app_init ] --END-- [ RunTime:0.000110s ]
ERR: æ— æ³•åŠ è½½æ¨¡å—:Public

[ 2017-05-07T23:39:29+08:00 ] ::1 /li/index.php/Images/Student/logo.gif
INFO: [ app_init ] --START--
INFO: Run Behavior\BuildLiteBehavior [ RunTime:0.000026s ]
INFO: [ app_init ] --END-- [ RunTime:0.000142s ]
ERR: æ— æ³•åŠ è½½æ¨¡å—:Images

[ 2017-05-07T23:39:29+08:00 ] ::1 /li/Public/Images/Student/topbgright.jpg
INFO: [ app_init ] --START--
INFO: Run Behavior\BuildLiteBehavior [ RunTime:0.000035s ]
INFO: [ app_init ] --END-- [ RunTime:0.000196s ]
ERR: æ— æ³•åŠ è½½æ¨¡å—:Public

[ 2017-05-07T23:40:20+08:00 ] ::1 /li/Public/css/jBox/Skins/Blue/jbox.css
INFO: [ app_init ] --START--
INFO: Run Behavior\BuildLiteBehavior [ RunTime:0.000032s ]
INFO: [ app_init ] --END-- [ RunTime:0.000256s ]
ERR: æ— æ³•åŠ è½½æ¨¡å—:Public

[ 2017-05-07T23:40:21+08:00 ] ::1 /li/Public/Images/Student/topbgright.jpg
INFO: [ app_init ] --START--
INFO: Run Behavior\BuildLiteBehavior [ RunTime:0.000039s ]
INFO: [ app_init ] --END-- [ RunTime:0.000406s ]
ERR: æ— æ³•åŠ è½½æ¨¡å—:Public

[ 2017-05-07T23:40:22+08:00 ] ::1 /li/Public/css/jBox/Skins/Blue/jbox.css
INFO: [ app_init ] --START--
INFO: Run Behavior\BuildLiteBehavior [ RunTime:0.000033s ]
INFO: [ app_init ] --END-- [ RunTime:0.000177s ]
ERR: æ— æ³•åŠ è½½æ¨¡å—:Public

[ 2017-05-07T23:40:23+08:00 ] ::1 /li/Public/Images/Student/topbgright.jpg
INFO: [ app_init ] --START--
INFO: Run Behavior\BuildLiteBehavior [ RunTime:0.000035s ]
INFO: [ app_init ] --END-- [ RunTime:0.000204s ]
ERR: æ— æ³•åŠ è½½æ¨¡å—:Public

[ 2017-05-07T23:40:24+08:00 ] ::1 /li/Public/css/jBox/Skins/Blue/jbox.css
INFO: [ app_init ] --START--
INFO: Run Behavior\BuildLiteBehavior [ RunTime:0.000032s ]
INFO: [ app_init ] --END-- [ RunTime:0.000183s ]
ERR: æ— æ³•åŠ è½½æ¨¡å—:Public

[ 2017-05-07T23:40:25+08:00 ] ::1 /li/Public/Images/Student/topbgright.jpg
INFO: [ app_init ] --START--
INFO: Run Behavior\BuildLiteBehavior [ RunTime:0.000035s ]
INFO: [ app_init ] --END-- [ RunTime:0.000189s ]
ERR: æ— æ³•åŠ è½½æ¨¡å—:Public

[ 2017-05-07T23:40:26+08:00 ] ::1 /li/Public/css/jBox/Skins/Blue/jbox.css
INFO: [ app_init ] --START--
INFO: Run Behavior\BuildLiteBehavior [ RunTime:0.000021s ]
INFO: [ app_init ] --END-- [ RunTime:0.000113s ]
ERR: æ— æ³•åŠ è½½æ¨¡å—:Public

[ 2017-05-07T23:40:27+08:00 ] ::1 /li/Public/Images/Student/topbgright.jpg
INFO: [ app_init ] --START--
INFO: Run Behavior\BuildLiteBehavior [ RunTime:0.000034s ]
INFO: [ app_init ] --END-- [ RunTime:0.000197s ]
ERR: æ— æ³•åŠ è½½æ¨¡å—:Public

[ 2017-05-07T23:44:21+08:00 ] ::1 /li/Public/css/jBox/Skins/Blue/jbox.css
INFO: [ app_init ] --START--
INFO: Run Behavior\BuildLiteBehavior [ RunTime:0.000036s ]
INFO: [ app_init ] --END-- [ RunTime:0.000202s ]
ERR: æ— æ³•åŠ è½½æ¨¡å—:Public

[ 2017-05-07T23:44:22+08:00 ] ::1 /li/Public/Images/Student/topbgright.jpg
INFO: [ app_init ] --START--
INFO: Run Behavior\BuildLiteBehavior [ RunTime:0.000022s ]
INFO: [ app_init ] --END-- [ RunTime:0.000145s ]
ERR: æ— æ³•åŠ è½½æ¨¡å—:Public

[ 2017-05-07T23:45:06+08:00 ] ::1 /li/Public/css/jBox/Skins/Blue/jbox.css
INFO: [ app_init ] --START--
INFO: Run Behavior\BuildLiteBehavior [ RunTime:0.000022s ]
INFO: [ app_init ] --END-- [ RunTime:0.000113s ]
ERR: æ— æ³•åŠ è½½æ¨¡å—:Public

[ 2017-05-07T23:45:07+08:00 ] ::1 /li/Public/Images/Student/topbgright.jpg
INFO: [ app_init ] --START--
INFO: Run Behavior\BuildLiteBehavior [ RunTime:0.000032s ]
INFO: [ app_init ] --END-- [ RunTime:0.000173s ]
ERR: æ— æ³•åŠ è½½æ¨¡å—:Public

[ 2017-05-07T23:45:33+08:00 ] ::1 /li/Public/css/jBox/Skins/Blue/jbox.css
INFO: [ app_init ] --START--
INFO: Run Behavior\BuildLiteBehavior [ RunTime:0.000021s ]
INFO: [ app_init ] --END-- [ RunTime:0.000114s ]
ERR: æ— æ³•åŠ è½½æ¨¡å—:Public

[ 2017-05-07T23:45:34+08:00 ] ::1 /li/Public/Images/Student/topbgright.jpg
INFO: [ app_init ] --START--
INFO: Run Behavior\BuildLiteBehavior [ RunTime:0.000034s ]
INFO: [ app_init ] --END-- [ RunTime:0.000199s ]
ERR: æ— æ³•åŠ è½½æ¨¡å—:Public

[ 2017-05-07T23:47:04+08:00 ] ::1 /li/Public/css/jBox/Skins/Blue/jbox.css
INFO: [ app_init ] --START--
INFO: Run Behavior\BuildLiteBehavior [ RunTime:0.000031s ]
INFO: [ app_init ] --END-- [ RunTime:0.000146s ]
ERR: æ— æ³•åŠ è½½æ¨¡å—:Public

[ 2017-05-07T23:47:05+08:00 ] ::1 /li/Public/Images/Student/topbgright.jpg
INFO: [ app_init ] --START--
INFO: Run Behavior\BuildLiteBehavior [ RunTime:0.000034s ]
INFO: [ app_init ] --END-- [ RunTime:0.000219s ]
ERR: æ— æ³•åŠ è½½æ¨¡å—:Public

[ 2017-05-07T23:47:20+08:00 ] ::1 /li/Public/css/jBox/Skins/Blue/jbox.css
INFO: [ app_init ] --START--
INFO: Run Behavior\BuildLiteBehavior [ RunTime:0.000038s ]
INFO: [ app_init ] --END-- [ RunTime:0.000190s ]
ERR: æ— æ³•åŠ è½½æ¨¡å—:Public

[ 2017-05-07T23:47:21+08:00 ] ::1 /li/Public/Images/Student/topbgright.jpg
INFO: [ app_init ] --START--
INFO: Run Behavior\BuildLiteBehavior [ RunTime:0.000035s ]
INFO: [ app_init ] --END-- [ RunTime:0.000191s ]
ERR: æ— æ³•åŠ è½½æ¨¡å—:Public

[ 2017-05-07T23:49:08+08:00 ] ::1 /li/Public/css/jBox/Skins/Blue/jbox.css
INFO: [ app_init ] --START--
INFO: Run Behavior\BuildLiteBehavior [ RunTime:0.000020s ]
INFO: [ app_init ] --END-- [ RunTime:0.000113s ]
ERR: æ— æ³•åŠ è½½æ¨¡å—:Public

[ 2017-05-07T23:49:09+08:00 ] ::1 /li/Public/Images/Student/topbgright.jpg
INFO: [ app_init ] --START--
INFO: Run Behavior\BuildLiteBehavior [ RunTime:0.000033s ]
INFO: [ app_init ] --END-- [ RunTime:0.000180s ]
ERR: æ— æ³•åŠ è½½æ¨¡å—:Public

[ 2017-05-07T23:49:11+08:00 ] ::1 /li/Public/css/jBox/Skins/Blue/jbox.css
INFO: [ app_init ] --START--
INFO: Run Behavior\BuildLiteBehavior [ RunTime:0.000049s ]
INFO: [ app_init ] --END-- [ RunTime:0.000218s ]
ERR: æ— æ³•åŠ è½½æ¨¡å—:Public

[ 2017-05-07T23:49:12+08:00 ] ::1 /li/Public/Images/Student/topbgright.jpg
INFO: [ app_init ] --START--
INFO: Run Behavior\BuildLiteBehavior [ RunTime:0.000038s ]
INFO: [ app_init ] --END-- [ RunTime:0.000208s ]
ERR: æ— æ³•åŠ è½½æ¨¡å—:Public

[ 2017-05-07T23:49:16+08:00 ] ::1 /li/Public/css/jBox/Skins/Blue/jbox.css
INFO: [ app_init ] --START--
INFO: Run Behavior\BuildLiteBehavior [ RunTime:0.000023s ]
INFO: [ app_init ] --END-- [ RunTime:0.000122s ]
ERR: æ— æ³•åŠ è½½æ¨¡å—:Public

[ 2017-05-07T23:49:17+08:00 ] ::1 /li/Public/Images/Student/topbgright.jpg
INFO: [ app_init ] --START--
INFO: Run Behavior\BuildLiteBehavior [ RunTime:0.000034s ]
INFO: [ app_init ] --END-- [ RunTime:0.000188s ]
ERR: æ— æ³•åŠ è½½æ¨¡å—:Public

[ 2017-05-07T23:49:26+08:00 ] ::1 /li/Public/css/jBox/Skins/Blue/jbox.css
INFO: [ app_init ] --START--
INFO: Run Behavior\BuildLiteBehavior [ RunTime:0.000085s ]
INFO: [ app_init ] --END-- [ RunTime:0.000208s ]
ERR: æ— æ³•åŠ è½½æ¨¡å—:Public

[ 2017-05-07T23:49:27+08:00 ] ::1 /li/Public/Images/Student/topbgright.jpg
INFO: [ app_init ] --START--
INFO: Run Behavior\BuildLiteBehavior [ RunTime:0.000036s ]
INFO: [ app_init ] --END-- [ RunTime:0.000203s ]
ERR: æ— æ³•åŠ è½½æ¨¡å—:Public

[ 2017-05-07T23:50:41+08:00 ] ::1 /li/Public/css/jBox/Skins/Blue/jbox.css
INFO: [ app_init ] --START--
INFO: Run Behavior\BuildLiteBehavior [ RunTime:0.000032s ]
INFO: [ app_init ] --END-- [ RunTime:0.000177s ]
ERR: æ— æ³•åŠ è½½æ¨¡å—:Public

[ 2017-05-07T23:50:42+08:00 ] ::1 /li/Public/Images/Student/topbgright.jpg
INFO: [ app_init ] --START--
INFO: Run Behavior\BuildLiteBehavior [ RunTime:0.000043s ]
INFO: [ app_init ] --END-- [ RunTime:0.000206s ]
ERR: æ— æ³•åŠ è½½æ¨¡å—:Public

[ 2017-05-07T23:50:47+08:00 ] ::1 /li/Public/css/jBox/Skins/Blue/jbox.css
INFO: [ app_init ] --START--
INFO: Run Behavior\BuildLiteBehavior [ RunTime:0.000033s ]
INFO: [ app_init ] --END-- [ RunTime:0.000176s ]
ERR: æ— æ³•åŠ è½½æ¨¡å—:Public

[ 2017-05-07T23:50:48+08:00 ] ::1 /li/Public/Images/Student/topbgright.jpg
INFO: [ app_init ] --START--
INFO: Run Behavior\BuildLiteBehavior [ RunTime:0.000037s ]
INFO: [ app_init ] --END-- [ RunTime:0.000219s ]
ERR: æ— æ³•åŠ è½½æ¨¡å—:Public

[ 2017-05-07T23:50:50+08:00 ] ::1 /li/Public/css/jBox/Skins/Blue/jbox.css
INFO: [ app_init ] --START--
INFO: Run Behavior\BuildLiteBehavior [ RunTime:0.000024s ]
INFO: [ app_init ] --END-- [ RunTime:0.000129s ]
ERR: æ— æ³•åŠ è½½æ¨¡å—:Public

[ 2017-05-07T23:50:51+08:00 ] ::1 /li/Public/Images/Student/topbgright.jpg
INFO: [ app_init ] --START--
INFO: Run Behavior\BuildLiteBehavior [ RunTime:0.000032s ]
INFO: [ app_init ] --END-- [ RunTime:0.000181s ]
ERR: æ— æ³•åŠ è½½æ¨¡å—:Public

[ 2017-05-07T23:51:34+08:00 ] ::1 /li/Public/css/jBox/Skins/Blue/jbox.css
INFO: [ app_init ] --START--
INFO: Run Behavior\BuildLiteBehavior [ RunTime:0.000021s ]
INFO: [ app_init ] --END-- [ RunTime:0.000112s ]
ERR: æ— æ³•åŠ è½½æ¨¡å—:Public

[ 2017-05-07T23:51:35+08:00 ] ::1 /li/Public/Images/Student/topbgright.jpg
INFO: [ app_init ] --START--
INFO: Run Behavior\BuildLiteBehavior [ RunTime:0.000035s ]
INFO: [ app_init ] --END-- [ RunTime:0.000194s ]
ERR: æ— æ³•åŠ è½½æ¨¡å—:Public

[ 2017-05-07T23:53:40+08:00 ] ::1 /li/Public/css/jBox/Skins/Blue/jbox.css
INFO: [ app_init ] --START--
INFO: Run Behavior\BuildLiteBehavior [ RunTime:0.000021s ]
INFO: [ app_init ] --END-- [ RunTime:0.000111s ]
ERR: æ— æ³•åŠ è½½æ¨¡å—:Public

[ 2017-05-07T23:53:41+08:00 ] ::1 /li/Public/Images/Student/topbgright.jpg
INFO: [ app_init ] --START--
INFO: Run Behavior\BuildLiteBehavior [ RunTime:0.000079s ]
INFO: [ app_init ] --END-- [ RunTime:0.000739s ]
ERR: æ— æ³•åŠ è½½æ¨¡å—:Public

[ 2017-05-07T23:53:43+08:00 ] ::1 /li/Public/css/jBox/Skins/Blue/jbox.css
INFO: [ app_init ] --START--
INFO: Run Behavior\BuildLiteBehavior [ RunTime:0.000033s ]
INFO: [ app_init ] --END-- [ RunTime:0.000189s ]
ERR: æ— æ³•åŠ è½½æ¨¡å—:Public

[ 2017-05-07T23:53:44+08:00 ] ::1 /li/Public/Images/Student/topbgright.jpg
INFO: [ app_init ] --START--
INFO: Run Behavior\BuildLiteBehavior [ RunTime:0.000024s ]
INFO: [ app_init ] --END-- [ RunTime:0.000130s ]
ERR: æ— æ³•åŠ è½½æ¨¡å—:Public

[ 2017-05-07T23:53:49+08:00 ] ::1 /li/Public/css/jBox/Skins/Blue/jbox.css
INFO: [ app_init ] --START--
INFO: Run Behavior\BuildLiteBehavior [ RunTime:0.000165s ]
INFO: [ app_init ] --END-- [ RunTime:0.000430s ]
ERR: æ— æ³•åŠ è½½æ¨¡å—:Public

[ 2017-05-07T23:53:49+08:00 ] ::1 /li/Public/Images/Student/topbgright.jpg
INFO: [ app_init ] --START--
INFO: Run Behavior\BuildLiteBehavior [ RunTime:0.000024s ]
INFO: [ app_init ] --END-- [ RunTime:0.000133s ]
ERR: æ— æ³•åŠ è½½æ¨¡å—:Public

[ 2017-05-07T23:54:18+08:00 ] ::1 /li/Public/css/jBox/Skins/Blue/jbox.css
INFO: [ app_init ] --START--
INFO: Run Behavior\BuildLiteBehavior [ RunTime:0.000035s ]
INFO: [ app_init ] --END-- [ RunTime:0.000183s ]
ERR: æ— æ³•åŠ è½½æ¨¡å—:Public

[ 2017-05-07T23:54:18+08:00 ] ::1 /li/Public/Images/Student/topbgright.jpg
INFO: [ app_init ] --START--
INFO: Run Behavior\BuildLiteBehavior [ RunTime:0.000135s ]
INFO: [ app_init ] --END-- [ RunTime:0.000423s ]
ERR: æ— æ³•åŠ è½½æ¨¡å—:Public

[ 2017-05-07T23:54:21+08:00 ] ::1 /li/Public/css/jBox/Skins/Blue/jbox.css
INFO: [ app_init ] --START--
INFO: Run Behavior\BuildLiteBehavior [ RunTime:0.000034s ]
INFO: [ app_init ] --END-- [ RunTime:0.000190s ]
ERR: æ— æ³•åŠ è½½æ¨¡å—:Public

[ 2017-05-07T23:54:22+08:00 ] ::1 /li/Public/Images/Student/topbgright.jpg
INFO: [ app_init ] --START--
INFO: Run Behavior\BuildLiteBehavior [ RunTime:0.000038s ]
INFO: [ app_init ] --END-- [ RunTime:0.000195s ]
ERR: æ— æ³•åŠ è½½æ¨¡å—:Public

[ 2017-05-07T23:54:36+08:00 ] ::1 /li/Public/css/jBox/Skins/Blue/jbox.css
INFO: [ app_init ] --START--
INFO: Run Behavior\BuildLiteBehavior [ RunTime:0.000023s ]
INFO: [ app_init ] --END-- [ RunTime:0.000123s ]
ERR: æ— æ³•åŠ è½½æ¨¡å—:Public

[ 2017-05-07T23:54:37+08:00 ] ::1 /li/Public/Images/Student/topbgright.jpg
INFO: [ app_init ] --START--
INFO: Run Behavior\BuildLiteBehavior [ RunTime:0.000033s ]
INFO: [ app_init ] --END-- [ RunTime:0.000205s ]
ERR: æ— æ³•åŠ è½½æ¨¡å—:Public

[ 2017-05-07T23:56:18+08:00 ] ::1 /li/Public/css/jBox/Skins/Blue/jbox.css
INFO: [ app_init ] --START--
INFO: Run Behavior\BuildLiteBehavior [ RunTime:0.000023s ]
INFO: [ app_init ] --END-- [ RunTime:0.000124s ]
ERR: æ— æ³•åŠ è½½æ¨¡å—:Public

[ 2017-05-07T23:56:19+08:00 ] ::1 /li/Public/Images/Student/topbgright.jpg
INFO: [ app_init ] --START--
INFO: Run Behavior\BuildLiteBehavior [ RunTime:0.000040s ]
INFO: [ app_init ] --END-- [ RunTime:0.000200s ]
ERR: æ— æ³•åŠ è½½æ¨¡å—:Public

[ 2017-05-07T23:56:22+08:00 ] ::1 /li/Public/css/jBox/Skins/Blue/jbox.css
INFO: [ app_init ] --START--
INFO: Run Behavior\BuildLiteBehavior [ RunTime:0.000036s ]
INFO: [ app_init ] --END-- [ RunTime:0.000183s ]
ERR: æ— æ³•åŠ è½½æ¨¡å—:Public

[ 2017-05-07T23:56:23+08:00 ] ::1 /li/Public/Images/Student/topbgright.jpg
INFO: [ app_init ] --START--
INFO: Run Behavior\BuildLiteBehavior [ RunTime:0.000034s ]
INFO: [ app_init ] --END-- [ RunTime:0.000190s ]
ERR: æ— æ³•åŠ è½½æ¨¡å—:Public

[ 2017-05-07T23:56:48+08:00 ] ::1 /li/Public/css/jBox/Skins/Blue/jbox.css
INFO: [ app_init ] --START--
INFO: Run Behavior\BuildLiteBehavior [ RunTime:0.000021s ]
INFO: [ app_init ] --END-- [ RunTime:0.000141s ]
ERR: æ— æ³•åŠ è½½æ¨¡å—:Public

[ 2017-05-07T23:56:49+08:00 ] ::1 /li/Public/Images/Student/topbgright.jpg
INFO: [ app_init ] --START--
INFO: Run Behavior\BuildLiteBehavior [ RunTime:0.000033s ]
INFO: [ app_init ] --END-- [ RunTime:0.000191s ]
ERR: æ— æ³•åŠ è½½æ¨¡å—:Public

[ 2017-05-07T23:56:55+08:00 ] ::1 /li/Public/css/jBox/Skins/Blue/jbox.css
INFO: [ app_init ] --START--
INFO: Run Behavior\BuildLiteBehavior [ RunTime:0.000034s ]
INFO: [ app_init ] --END-- [ RunTime:0.000181s ]
ERR: æ— æ³•åŠ è½½æ¨¡å—:Public

[ 2017-05-07T23:56:56+08:00 ] ::1 /li/Public/Images/Student/topbgright.jpg
INFO: [ app_init ] --START--
INFO: Run Behavior\BuildLiteBehavior [ RunTime:0.000045s ]
INFO: [ app_init ] --END-- [ RunTime:0.000245s ]
ERR: æ— æ³•åŠ è½½æ¨¡å—:Public

[ 2017-05-07T23:59:29+08:00 ] ::1 /li/Public/css/jBox/Skins/Blue/jbox.css
INFO: [ app_init ] --START--
INFO: Run Behavior\BuildLiteBehavior [ RunTime:0.000039s ]
INFO: [ app_init ] --END-- [ RunTime:0.000198s ]
ERR: æ— æ³•åŠ è½½æ¨¡å—:Public

[ 2017-05-07T23:59:30+08:00 ] ::1 /li/Public/Images/Student/topbgright.jpg
INFO: [ app_init ] --START--
INFO: Run Behavior\BuildLiteBehavior [ RunTime:0.000032s ]
INFO: [ app_init ] --END-- [ RunTime:0.000143s ]
ERR: æ— æ³•åŠ è½½æ¨¡å—:Public

[ 2017-05-07T23:59:33+08:00 ] ::1 /li/Public/css/jBox/Skins/Blue/jbox.css
INFO: [ app_init ] --START--
INFO: Run Behavior\BuildLiteBehavior [ RunTime:0.000036s ]
INFO: [ app_init ] --END-- [ RunTime:0.000193s ]
ERR: æ— æ³•åŠ è½½æ¨¡å—:Public

[ 2017-05-07T23:59:33+08:00 ] ::1 /li/Public/Images/Student/topbgright.jpg
INFO: [ app_init ] --START--
INFO: Run Behavior\BuildLiteBehavior [ RunTime:0.000039s ]
INFO: [ app_init ] --END-- [ RunTime:0.000240s ]
ERR: æ— æ³•åŠ è½½æ¨¡å—:Public

[ 2017-05-07T23:59:39+08:00 ] ::1 /li/Public/css/jBox/Skins/Blue/jbox.css
INFO: [ app_init ] --START--
INFO: Run Behavior\BuildLiteBehavior [ RunTime:0.000024s ]
INFO: [ app_init ] --END-- [ RunTime:0.000170s ]
ERR: æ— æ³•åŠ è½½æ¨¡å—:Public

[ 2017-05-07T23:59:40+08:00 ] ::1 /li/Public/Images/Student/topbgright.jpg
INFO: [ app_init ] --START--
INFO: Run Behavior\BuildLiteBehavior [ RunTime:0.000032s ]
INFO: [ app_init ] --END-- [ RunTime:0.000181s ]
ERR: æ— æ³•åŠ è½½æ¨¡å—:Public

